Configuration on demand is an incubating feature.
Reusing configuration cache.
> Task :app:checkKotlinGradlePluginConfigurationErrors SKIPPED
> Task :app:preBuild UP-TO-DATE
> Task :app:preDebugBuild UP-TO-DATE
> Task :app:processDebugGoogleServices UP-TO-DATE
> Task :app:injectCrashlyticsMappingFileIdDebug UP-TO-DATE
> Task :app:generateDebugBuildConfig UP-TO-DATE
> Task :app:extractDeepLinksDebug UP-TO-DATE
> Task :app:createDebugCompatibleScreenManifests UP-TO-DATE
> Task :app:generateDebugResources UP-TO-DATE
> Task :app:mapDebugSourceSetPaths UP-TO-DATE
> Task :app:mergeDebugResources UP-TO-DATE
> Task :app:packageDebugResources UP-TO-DATE
> Task :app:parseDebugLocalResources UP-TO-DATE
> Task :app:checkDebugAarMetadata UP-TO-DATE
> Task :app:processDebugMainManifest UP-TO-DATE
> Task :app:processDebugManifest UP-TO-DATE
> Task :app:processDebugManifestForPackage UP-TO-DATE
> Task :app:processDebugResources UP-TO-DATE
> Task :app:kspDebugKotlin
w: ATTENTION!
This build uses unsafe internal compiler arguments:

-XXLanguage:+BreakContinueInInlineLambdas

This mode is not recommended for production use,
as no stability/compatibility guarantees are given on
compiler or generated code. Use it at your own risk!

w: [ksp] C:/Users/Administrator/Liftrix/app/src/main/java/com/example/liftrix/data/local/entity/BlockedUserEntity.kt:43: blocked_user_id column references a foreign key but it is not part of an index. This may trigger full table scans whenever parent table is modified so you are highly advised to create an index that covers this column.
w: [ksp] C:/Users/Administrator/Liftrix/app/src/main/java/com/example/liftrix/data/local/entity/PostLikeEntity.kt:37: user_id column references a foreign key but it is not part of an index. This may trigger full table scans whenever parent table is modified so you are highly advised to create an index that covers this column.
w: [ksp] C:/Users/Administrator/Liftrix/app/src/main/java/com/example/liftrix/data/local/entity/PostCommentEntity.kt:44: user_id column references a foreign key but it is not part of an index. This may trigger full table scans whenever parent table is modified so you are highly advised to create an index that covers this column.
w: [ksp] C:/Users/Administrator/Liftrix/app/src/main/java/com/example/liftrix/data/local/entity/FeedCacheEntity.kt:37: post_id column references a foreign key but it is not part of an index. This may trigger full table scans whenever parent table is modified so you are highly advised to create an index that covers this column.
w: [ksp] C:/Users/Administrator/Liftrix/app/src/main/java/com/example/liftrix/data/local/entity/SavedPostEntity.kt:38: post_id column references a foreign key but it is not part of an index. This may trigger full table scans whenever parent table is modified so you are highly advised to create an index that covers this column.
w: [ksp] C:/Users/Administrator/Liftrix/app/src/main/java/com/example/liftrix/data/local/entity/ProgressPhotoEntity.kt:39: media_id column references a foreign key but it is not part of an index. This may trigger full table scans whenever parent table is modified so you are highly advised to create an index that covers this column.
w: [ksp] C:/Users/Administrator/Liftrix/app/src/main/java/com/example/liftrix/data/local/entity/QRCodeSessionEntity.kt:35: used_by_user_id column references a foreign key but it is not part of an index. This may trigger full table scans whenever parent table is modified so you are highly advised to create an index that covers this column.

> Task :app:compileDebugKotlin
w: ATTENTION!
This build uses unsafe internal compiler arguments:

-XXLanguage:+BreakContinueInInlineLambdas

This mode is not recommended for production use,
as no stability/compatibility guarantees are given on
compiler or generated code. Use it at your own risk!

e: file:///C:/Users/Administrator/Liftrix/app/src/main/java/com/example/liftrix/data/service/HelpCenterServiceImpl.kt:365:21 Unresolved reference 'Category'.
e: file:///C:/Users/Administrator/Liftrix/app/src/main/java/com/example/liftrix/data/service/HelpCenterServiceImpl.kt:366:21 Unresolved reference 'Category'.
e: file:///C:/Users/Administrator/Liftrix/app/src/main/java/com/example/liftrix/data/service/HelpCenterServiceImpl.kt:367:21 Unresolved reference 'Category'.
e: file:///C:/Users/Administrator/Liftrix/app/src/main/java/com/example/liftrix/data/service/HelpCenterServiceImpl.kt:368:21 Unresolved reference 'Category'.
e: file:///C:/Users/Administrator/Liftrix/app/src/main/java/com/example/liftrix/data/service/HelpCenterServiceImpl.kt:369:21 Unresolved reference 'Category'.
e: file:///C:/Users/Administrator/Liftrix/app/src/main/java/com/example/liftrix/data/service/HelpCenterServiceImpl.kt:370:21 Unresolved reference 'Category'.
e: file:///C:/Users/Administrator/Liftrix/app/src/main/java/com/example/liftrix/data/service/HelpCenterServiceImpl.kt:371:21 Unresolved reference 'Category'.
e: file:///C:/Users/Administrator/Liftrix/app/src/main/java/com/example/liftrix/data/service/HelpCenterServiceImpl.kt:372:21 Unresolved reference 'Category'.
e: file:///C:/Users/Administrator/Liftrix/app/src/main/java/com/example/liftrix/data/service/HelpCenterServiceImpl.kt:373:21 Unresolved reference 'Category'.
e: file:///C:/Users/Administrator/Liftrix/app/src/main/java/com/example/liftrix/data/service/HelpCenterServiceImpl.kt:374:21 Unresolved reference 'Category'.
e: file:///C:/Users/Administrator/Liftrix/app/src/main/java/com/example/liftrix/data/service/HelpCenterServiceImpl.kt:382:21 Unresolved reference 'Category'.
e: file:///C:/Users/Administrator/Liftrix/app/src/main/java/com/example/liftrix/data/service/HelpCenterServiceImpl.kt:383:21 Unresolved reference 'Category'.
e: file:///C:/Users/Administrator/Liftrix/app/src/main/java/com/example/liftrix/data/service/HelpCenterServiceImpl.kt:384:21 Unresolved reference 'Category'.
e: file:///C:/Users/Administrator/Liftrix/app/src/main/java/com/example/liftrix/data/service/HelpCenterServiceImpl.kt:385:21 Unresolved reference 'Category'.
e: file:///C:/Users/Administrator/Liftrix/app/src/main/java/com/example/liftrix/data/service/HelpCenterServiceImpl.kt:386:21 Unresolved reference 'Category'.
e: file:///C:/Users/Administrator/Liftrix/app/src/main/java/com/example/liftrix/data/service/HelpCenterServiceImpl.kt:387:21 Unresolved reference 'Category'.
e: file:///C:/Users/Administrator/Liftrix/app/src/main/java/com/example/liftrix/data/service/HelpCenterServiceImpl.kt:388:21 Unresolved reference 'Category'.
e: file:///C:/Users/Administrator/Liftrix/app/src/main/java/com/example/liftrix/data/service/HelpCenterServiceImpl.kt:389:21 Unresolved reference 'Category'.
e: file:///C:/Users/Administrator/Liftrix/app/src/main/java/com/example/liftrix/data/service/HelpCenterServiceImpl.kt:390:21 Unresolved reference 'Category'.
e: file:///C:/Users/Administrator/Liftrix/app/src/main/java/com/example/liftrix/data/service/HelpCenterServiceImpl.kt:391:21 Unresolved reference 'Category'.
e: file:///C:/Users/Administrator/Liftrix/app/src/main/java/com/example/liftrix/domain/model/Exercise.kt:236:12 Redeclaration:
enum class ExerciseCategory : Enum<ExerciseCategory>
e: file:///C:/Users/Administrator/Liftrix/app/src/main/java/com/example/liftrix/domain/model/ExerciseCategory.kt:7:12 Redeclaration:
enum class ExerciseCategory : Parcelable, Enum<ExerciseCategory>
e: file:///C:/Users/Administrator/Liftrix/app/src/main/java/com/example/liftrix/domain/model/ExerciseCategory.kt:18:9 No parameter with name 'description' found.
e: file:///C:/Users/Administrator/Liftrix/app/src/main/java/com/example/liftrix/domain/model/ExerciseCategory.kt:19:9 No parameter with name 'iconName' found.
e: file:///C:/Users/Administrator/Liftrix/app/src/main/java/com/example/liftrix/domain/model/ExerciseCategory.kt:20:9 No parameter with name 'isCompound' found.
e: file:///C:/Users/Administrator/Liftrix/app/src/main/java/com/example/liftrix/domain/model/ExerciseCategory.kt:28:9 No parameter with name 'description' found.
e: file:///C:/Users/Administrator/Liftrix/app/src/main/java/com/example/liftrix/domain/model/ExerciseCategory.kt:29:9 No parameter with name 'iconName' found.
e: file:///C:/Users/Administrator/Liftrix/app/src/main/java/com/example/liftrix/domain/model/ExerciseCategory.kt:30:9 No parameter with name 'isCompound' found.
e: file:///C:/Users/Administrator/Liftrix/app/src/main/java/com/example/liftrix/domain/model/ExerciseCategory.kt:38:9 No parameter with name 'description' found.
e: file:///C:/Users/Administrator/Liftrix/app/src/main/java/com/example/liftrix/domain/model/ExerciseCategory.kt:39:9 No parameter with name 'iconName' found.
e: file:///C:/Users/Administrator/Liftrix/app/src/main/java/com/example/liftrix/domain/model/ExerciseCategory.kt:47:9 No parameter with name 'description' found.
e: file:///C:/Users/Administrator/Liftrix/app/src/main/java/com/example/liftrix/domain/model/ExerciseCategory.kt:48:9 No parameter with name 'iconName' found.
e: file:///C:/Users/Administrator/Liftrix/app/src/main/java/com/example/liftrix/domain/model/ExerciseCategory.kt:56:9 No parameter with name 'description' found.
e: file:///C:/Users/Administrator/Liftrix/app/src/main/java/com/example/liftrix/domain/model/ExerciseCategory.kt:57:9 No parameter with name 'iconName' found.
e: file:///C:/Users/Administrator/Liftrix/app/src/main/java/com/example/liftrix/domain/model/ExerciseCategory.kt:65:9 No parameter with name 'description' found.
e: file:///C:/Users/Administrator/Liftrix/app/src/main/java/com/example/liftrix/domain/model/ExerciseCategory.kt:66:9 No parameter with name 'iconName' found.
e: file:///C:/Users/Administrator/Liftrix/app/src/main/java/com/example/liftrix/domain/model/ExerciseCategory.kt:74:9 No parameter with name 'description' found.
e: file:///C:/Users/Administrator/Liftrix/app/src/main/java/com/example/liftrix/domain/model/ExerciseCategory.kt:75:9 No parameter with name 'iconName' found.
e: file:///C:/Users/Administrator/Liftrix/app/src/main/java/com/example/liftrix/domain/model/ExerciseCategory.kt:76:9 No parameter with name 'isCompound' found.
e: file:///C:/Users/Administrator/Liftrix/app/src/main/java/com/example/liftrix/domain/model/ExerciseCategory.kt:84:9 No parameter with name 'description' found.
e: file:///C:/Users/Administrator/Liftrix/app/src/main/java/com/example/liftrix/domain/model/ExerciseCategory.kt:85:9 No parameter with name 'iconName' found.
e: file:///C:/Users/Administrator/Liftrix/app/src/main/java/com/example/liftrix/domain/model/ExerciseCategory.kt:93:9 No parameter with name 'description' found.
e: file:///C:/Users/Administrator/Liftrix/app/src/main/java/com/example/liftrix/domain/model/ExerciseCategory.kt:94:9 No parameter with name 'iconName' found.
e: file:///C:/Users/Administrator/Liftrix/app/src/main/java/com/example/liftrix/domain/model/ExerciseCategory.kt:102:9 No parameter with name 'description' found.
e: file:///C:/Users/Administrator/Liftrix/app/src/main/java/com/example/liftrix/domain/model/ExerciseCategory.kt:103:9 No parameter with name 'iconName' found.
e: file:///C:/Users/Administrator/Liftrix/app/src/main/java/com/example/liftrix/domain/model/ExerciseCategory.kt:111:9 No parameter with name 'description' found.
e: file:///C:/Users/Administrator/Liftrix/app/src/main/java/com/example/liftrix/domain/model/ExerciseCategory.kt:112:9 No parameter with name 'iconName' found.
e: file:///C:/Users/Administrator/Liftrix/app/src/main/java/com/example/liftrix/domain/model/ExerciseCategory.kt:120:9 No parameter with name 'description' found.
e: file:///C:/Users/Administrator/Liftrix/app/src/main/java/com/example/liftrix/domain/model/ExerciseCategory.kt:121:9 No parameter with name 'iconName' found.
e: file:///C:/Users/Administrator/Liftrix/app/src/main/java/com/example/liftrix/domain/model/ExerciseCategory.kt:129:9 No parameter with name 'description' found.
e: file:///C:/Users/Administrator/Liftrix/app/src/main/java/com/example/liftrix/domain/model/ExerciseCategory.kt:130:9 No parameter with name 'iconName' found.
e: file:///C:/Users/Administrator/Liftrix/app/src/main/java/com/example/liftrix/domain/model/ExerciseCategory.kt:138:9 No parameter with name 'description' found.
e: file:///C:/Users/Administrator/Liftrix/app/src/main/java/com/example/liftrix/domain/model/ExerciseCategory.kt:139:9 No parameter with name 'iconName' found.
e: file:///C:/Users/Administrator/Liftrix/app/src/main/java/com/example/liftrix/domain/model/ExerciseCategory.kt:147:9 No parameter with name 'description' found.
e: file:///C:/Users/Administrator/Liftrix/app/src/main/java/com/example/liftrix/domain/model/ExerciseCategory.kt:148:9 No parameter with name 'iconName' found.
e: file:///C:/Users/Administrator/Liftrix/app/src/main/java/com/example/liftrix/domain/model/ExerciseCategory.kt:149:9 No parameter with name 'isCompound' found.
e: file:///C:/Users/Administrator/Liftrix/app/src/main/java/com/example/liftrix/domain/model/ExerciseCategory.kt:157:9 No parameter with name 'description' found.
e: file:///C:/Users/Administrator/Liftrix/app/src/main/java/com/example/liftrix/domain/model/ExerciseCategory.kt:158:9 No parameter with name 'iconName' found.
e: file:///C:/Users/Administrator/Liftrix/app/src/main/java/com/example/liftrix/domain/model/ExerciseCategory.kt:166:9 No parameter with name 'description' found.
e: file:///C:/Users/Administrator/Liftrix/app/src/main/java/com/example/liftrix/domain/model/ExerciseCategory.kt:167:9 No parameter with name 'iconName' found.
e: file:///C:/Users/Administrator/Liftrix/app/src/main/java/com/example/liftrix/domain/model/ExerciseCategory.kt:174:40 'when' expression must be exhaustive. Add the 'CHEST', 'BACK', 'SHOULDERS', 'ARMS', 'TRICEPS', 'BICEPS', 'LEGS', ... branches or an 'else' branch.
e: file:///C:/Users/Administrator/Liftrix/app/src/main/java/com/example/liftrix/domain/model/ExerciseCategory.kt:192:37 'when' expression must be exhaustive. Add the 'CHEST', 'BACK', 'SHOULDERS', 'ARMS', 'TRICEPS', 'BICEPS', 'LEGS', ... branches or an 'else' branch.
e: file:///C:/Users/Administrator/Liftrix/app/src/main/java/com/example/liftrix/domain/model/ExerciseCategory.kt:205:42 'when' expression must be exhaustive. Add the 'CHEST', 'BACK', 'SHOULDERS', 'ARMS', 'TRICEPS', 'BICEPS', 'LEGS', ... branches or an 'else' branch.
e: file:///C:/Users/Administrator/Liftrix/app/src/main/java/com/example/liftrix/domain/model/ExerciseCategory.kt:229:30 'when' expression must be exhaustive. Add the 'CHEST', 'BACK', 'SHOULDERS', 'ARMS', 'TRICEPS', 'BICEPS', 'LEGS', ... branches or an 'else' branch.
e: file:///C:/Users/Administrator/Liftrix/app/src/main/java/com/example/liftrix/domain/model/ExerciseCategory.kt:253:47 Unresolved reference 'isCompound'.
e: file:///C:/Users/Administrator/Liftrix/app/src/main/java/com/example/liftrix/domain/model/ExerciseCategory.kt:259:48 Unresolved reference 'isCompound'.
e: file:///C:/Users/Administrator/Liftrix/app/src/main/java/com/example/liftrix/domain/model/ExerciseCategory.kt:265:35 Cannot infer type for this parameter. Please specify it explicitly.
e: file:///C:/Users/Administrator/Liftrix/app/src/main/java/com/example/liftrix/domain/model/ExerciseCategory.kt:265:44 Cannot infer type for this parameter. Please specify it explicitly.
e: file:///C:/Users/Administrator/Liftrix/app/src/main/java/com/example/liftrix/domain/model/ExerciseCategory.kt:265:49 Unresolved reference 'getPriority'.
e: file:///C:/Users/Administrator/Liftrix/app/src/main/java/com/example/liftrix/domain/model/ExerciseCategory.kt:272:69 Unresolved reference 'FLEXIBILITY'.
e: file:///C:/Users/Administrator/Liftrix/app/src/main/java/com/example/liftrix/domain/model/ExerciseCategory.kt:287:49 Unresolved reference 'QUADRICEPS'.
e: file:///C:/Users/Administrator/Liftrix/app/src/main/java/com/example/liftrix/domain/model/ExerciseCategory.kt:287:78 Unresolved reference 'HAMSTRINGS'.
e: file:///C:/Users/Administrator/Liftrix/app/src/main/java/com/example/liftrix/domain/model/ExerciseCategory.kt:288:51 Unresolved reference 'CALVES'.
e: file:///C:/Users/Administrator/Liftrix/app/src/main/java/com/example/liftrix/domain/model/ExerciseCategory.kt:299:26 Unresolved reference 'QUADRICEPS'.
e: file:///C:/Users/Administrator/Liftrix/app/src/main/java/com/example/liftrix/domain/model/ExerciseCategory.kt:299:57 Unresolved reference 'HAMSTRINGS'.
e: file:///C:/Users/Administrator/Liftrix/app/src/main/java/com/example/liftrix/domain/model/ExerciseCategory.kt:300:26 Unresolved reference 'HAMSTRINGS'.
e: file:///C:/Users/Administrator/Liftrix/app/src/main/java/com/example/liftrix/domain/model/ExerciseCategory.kt:300:57 Unresolved reference 'QUADRICEPS'.
e: file:///C:/Users/Administrator/Liftrix/app/src/main/java/com/example/liftrix/domain/model/Goal.kt:272:12 Redeclaration:
enum class GoalPriority : Enum<GoalPriority>
e: file:///C:/Users/Administrator/Liftrix/app/src/main/java/com/example/liftrix/domain/model/GoalPriority.kt:7:12 Redeclaration:
enum class GoalPriority : Enum<GoalPriority>
e: file:///C:/Users/Administrator/Liftrix/app/src/main/java/com/example/liftrix/domain/model/GoalPriority.kt:20:9 No parameter with name 'description' found.
e: file:///C:/Users/Administrator/Liftrix/app/src/main/java/com/example/liftrix/domain/model/GoalPriority.kt:21:9 No parameter with name 'colorCode' found.
e: file:///C:/Users/Administrator/Liftrix/app/src/main/java/com/example/liftrix/domain/model/GoalPriority.kt:22:9 No parameter with name 'weight' found.
e: file:///C:/Users/Administrator/Liftrix/app/src/main/java/com/example/liftrix/domain/model/GoalPriority.kt:23:9 No parameter with name 'urgencyLevel' found.
e: file:///C:/Users/Administrator/Liftrix/app/src/main/java/com/example/liftrix/domain/model/GoalPriority.kt:23:9 No value passed for parameter 'sortOrder'.
e: file:///C:/Users/Administrator/Liftrix/app/src/main/java/com/example/liftrix/domain/model/GoalPriority.kt:32:9 No parameter with name 'description' found.
e: file:///C:/Users/Administrator/Liftrix/app/src/main/java/com/example/liftrix/domain/model/GoalPriority.kt:33:9 No parameter with name 'colorCode' found.
e: file:///C:/Users/Administrator/Liftrix/app/src/main/java/com/example/liftrix/domain/model/GoalPriority.kt:34:9 No parameter with name 'weight' found.
e: file:///C:/Users/Administrator/Liftrix/app/src/main/java/com/example/liftrix/domain/model/GoalPriority.kt:35:9 No parameter with name 'urgencyLevel' found.
e: file:///C:/Users/Administrator/Liftrix/app/src/main/java/com/example/liftrix/domain/model/GoalPriority.kt:35:9 No value passed for parameter 'sortOrder'.
e: file:///C:/Users/Administrator/Liftrix/app/src/main/java/com/example/liftrix/domain/model/GoalPriority.kt:44:9 No parameter with name 'description' found.
e: file:///C:/Users/Administrator/Liftrix/app/src/main/java/com/example/liftrix/domain/model/GoalPriority.kt:45:9 No parameter with name 'colorCode' found.
e: file:///C:/Users/Administrator/Liftrix/app/src/main/java/com/example/liftrix/domain/model/GoalPriority.kt:46:9 No parameter with name 'weight' found.
e: file:///C:/Users/Administrator/Liftrix/app/src/main/java/com/example/liftrix/domain/model/GoalPriority.kt:47:9 No parameter with name 'urgencyLevel' found.
e: file:///C:/Users/Administrator/Liftrix/app/src/main/java/com/example/liftrix/domain/model/GoalPriority.kt:47:9 No value passed for parameter 'sortOrder'.
e: file:///C:/Users/Administrator/Liftrix/app/src/main/java/com/example/liftrix/domain/model/GoalPriority.kt:56:9 No parameter with name 'description' found.
e: file:///C:/Users/Administrator/Liftrix/app/src/main/java/com/example/liftrix/domain/model/GoalPriority.kt:57:9 No parameter with name 'colorCode' found.
e: file:///C:/Users/Administrator/Liftrix/app/src/main/java/com/example/liftrix/domain/model/GoalPriority.kt:58:9 No parameter with name 'weight' found.
e: file:///C:/Users/Administrator/Liftrix/app/src/main/java/com/example/liftrix/domain/model/GoalPriority.kt:59:9 No parameter with name 'urgencyLevel' found.
e: file:///C:/Users/Administrator/Liftrix/app/src/main/java/com/example/liftrix/domain/model/GoalPriority.kt:59:9 No value passed for parameter 'sortOrder'.
e: file:///C:/Users/Administrator/Liftrix/app/src/main/java/com/example/liftrix/domain/model/GoalPriority.kt:68:9 No parameter with name 'description' found.
e: file:///C:/Users/Administrator/Liftrix/app/src/main/java/com/example/liftrix/domain/model/GoalPriority.kt:69:9 No parameter with name 'colorCode' found.
e: file:///C:/Users/Administrator/Liftrix/app/src/main/java/com/example/liftrix/domain/model/GoalPriority.kt:70:9 No parameter with name 'weight' found.
e: file:///C:/Users/Administrator/Liftrix/app/src/main/java/com/example/liftrix/domain/model/GoalPriority.kt:71:9 No parameter with name 'urgencyLevel' found.
e: file:///C:/Users/Administrator/Liftrix/app/src/main/java/com/example/liftrix/domain/model/GoalPriority.kt:71:9 No value passed for parameter 'sortOrder'.
e: file:///C:/Users/Administrator/Liftrix/app/src/main/java/com/example/liftrix/domain/model/GoalPriority.kt:77:51 'when' expression must be exhaustive. Add the 'HIGH', 'NORMAL', 'LOW' branches or an 'else' branch.
e: file:///C:/Users/Administrator/Liftrix/app/src/main/java/com/example/liftrix/domain/model/GoalPriority.kt:88:41 'when' expression must be exhaustive. Add the 'HIGH', 'NORMAL', 'LOW' branches or an 'else' branch.
e: file:///C:/Users/Administrator/Liftrix/app/src/main/java/com/example/liftrix/domain/model/GoalPriority.kt:99:63 'when' expression must be exhaustive. Add the 'HIGH', 'NORMAL', 'LOW' branches or an 'else' branch.
e: file:///C:/Users/Administrator/Liftrix/app/src/main/java/com/example/liftrix/domain/model/GoalPriority.kt:110:46 'when' expression must be exhaustive. Add the 'HIGH', 'NORMAL', 'LOW' branches or an 'else' branch.
e: file:///C:/Users/Administrator/Liftrix/app/src/main/java/com/example/liftrix/domain/model/GoalPriority.kt:121:41 'when' expression must be exhaustive. Add the 'HIGH', 'NORMAL', 'LOW' branches or an 'else' branch.
e: file:///C:/Users/Administrator/Liftrix/app/src/main/java/com/example/liftrix/domain/model/GoalPriority.kt:142:41 'when' expression must be exhaustive. Add the 'HIGH', 'NORMAL', 'LOW' branches or an 'else' branch.
e: file:///C:/Users/Administrator/Liftrix/app/src/main/java/com/example/liftrix/domain/model/GoalPriority.kt:154:59 Cannot infer type for this parameter. Please specify it explicitly.
e: file:///C:/Users/Administrator/Liftrix/app/src/main/java/com/example/liftrix/domain/model/GoalPriority.kt:154:68 Cannot infer type for this parameter. Please specify it explicitly.
e: file:///C:/Users/Administrator/Liftrix/app/src/main/java/com/example/liftrix/domain/model/GoalPriority.kt:154:73 Unresolved reference 'urgencyLevel'.
e: file:///C:/Users/Administrator/Liftrix/app/src/main/java/com/example/liftrix/domain/model/GoalPriority.kt:159:58 Cannot infer type for this parameter. Please specify it explicitly.
e: file:///C:/Users/Administrator/Liftrix/app/src/main/java/com/example/liftrix/domain/model/GoalPriority.kt:159:77 Cannot infer type for this parameter. Please specify it explicitly.
e: file:///C:/Users/Administrator/Liftrix/app/src/main/java/com/example/liftrix/domain/model/GoalPriority.kt:159:82 Unresolved reference 'weight'.
e: file:///C:/Users/Administrator/Liftrix/app/src/main/java/com/example/liftrix/domain/model/GoalPriority.kt:207:78 Overload resolution ambiguity between candidates:
fun <T> Iterable<T>.sumOf(selector: (T) -> BigDecimal): BigDecimal
fun <T> Iterable<T>.sumOf(selector: (T) -> BigInteger): BigInteger
fun <T> Iterable<T>.sumOf(selector: (T) -> Double): Double
fun <T> Iterable<T>.sumOf(selector: (T) -> Int): Int
fun <T> Iterable<T>.sumOf(selector: (T) -> Long): Long
fun <T> Iterable<T>.sumOf(selector: (T) -> UInt): UInt
fun <T> Iterable<T>.sumOf(selector: (T) -> ULong): ULong
e: file:///C:/Users/Administrator/Liftrix/app/src/main/java/com/example/liftrix/domain/model/GoalPriority.kt:207:84 Unresolved reference 'weight'.
e: file:///C:/Users/Administrator/Liftrix/app/src/main/java/com/example/liftrix/domain/model/GoalPriority.kt:207:89 Unresolved reference 'weight'.
e: file:///C:/Users/Administrator/Liftrix/app/src/main/java/com/example/liftrix/domain/model/GoalPriority.kt:213:59 Unresolved reference 'requiresImmediateAction'.
e: file:///C:/Users/Administrator/Liftrix/app/src/main/java/com/example/liftrix/domain/model/analytics/InsightCategory.kt:7:12 Redeclaration:
enum class InsightCategory : Enum<InsightCategory>
e: file:///C:/Users/Administrator/Liftrix/app/src/main/java/com/example/liftrix/domain/model/analytics/InsightCategory.kt:285:12 Redeclaration:
enum class UrgencyLevel : Enum<UrgencyLevel>
e: file:///C:/Users/Administrator/Liftrix/app/src/main/java/com/example/liftrix/domain/model/analytics/RiskLevel.kt:102:29 Unresolved reference 'NONE'.
e: file:///C:/Users/Administrator/Liftrix/app/src/main/java/com/example/liftrix/domain/model/analytics/RiskLevel.kt:103:32 Unresolved reference 'MODERATE'.
e: file:///C:/Users/Administrator/Liftrix/app/src/main/java/com/example/liftrix/domain/model/analytics/RiskLevel.kt:104:30 Unresolved reference 'URGENT'.
e: file:///C:/Users/Administrator/Liftrix/app/src/main/java/com/example/liftrix/domain/model/analytics/RiskLevel.kt:149:12 Redeclaration:
enum class UrgencyLevel : Enum<UrgencyLevel>
e: file:///C:/Users/Administrator/Liftrix/app/src/main/java/com/example/liftrix/domain/model/analytics/RiskLevel.kt:150:10 Too many arguments for 'constructor(): UrgencyLevel'.
e: file:///C:/Users/Administrator/Liftrix/app/src/main/java/com/example/liftrix/domain/model/analytics/RiskLevel.kt:150:18 Too many arguments for 'constructor(): UrgencyLevel'.
e: file:///C:/Users/Administrator/Liftrix/app/src/main/java/com/example/liftrix/domain/model/analytics/RiskLevel.kt:151:14 Too many arguments for 'constructor(): UrgencyLevel'.
e: file:///C:/Users/Administrator/Liftrix/app/src/main/java/com/example/liftrix/domain/model/analytics/RiskLevel.kt:151:26 Too many arguments for 'constructor(): UrgencyLevel'.
e: file:///C:/Users/Administrator/Liftrix/app/src/main/java/com/example/liftrix/domain/model/analytics/RiskLevel.kt:152:12 Too many arguments for 'constructor(): UrgencyLevel'.
e: file:///C:/Users/Administrator/Liftrix/app/src/main/java/com/example/liftrix/domain/model/analytics/RiskLevel.kt:152:22 Too many arguments for 'constructor(): UrgencyLevel'.
e: file:///C:/Users/Administrator/Liftrix/app/src/main/java/com/example/liftrix/domain/model/analytics/WidgetData.kt:367:12 Redeclaration:
enum class InsightCategory : Enum<InsightCategory>
e: file:///C:/Users/Administrator/Liftrix/app/src/main/java/com/example/liftrix/domain/model/analytics/WidgetData.kt:368:17 No value passed for parameter 'description'.
e: file:///C:/Users/Administrator/Liftrix/app/src/main/java/com/example/liftrix/domain/model/analytics/WidgetData.kt:368:17 No value passed for parameter 'iconName'.
e: file:///C:/Users/Administrator/Liftrix/app/src/main/java/com/example/liftrix/domain/model/analytics/WidgetData.kt:368:17 No value passed for parameter 'priority'.
e: file:///C:/Users/Administrator/Liftrix/app/src/main/java/com/example/liftrix/domain/model/analytics/WidgetData.kt:369:17 No value passed for parameter 'description'.
e: file:///C:/Users/Administrator/Liftrix/app/src/main/java/com/example/liftrix/domain/model/analytics/WidgetData.kt:369:17 No value passed for parameter 'iconName'.
e: file:///C:/Users/Administrator/Liftrix/app/src/main/java/com/example/liftrix/domain/model/analytics/WidgetData.kt:369:17 No value passed for parameter 'priority'.
e: file:///C:/Users/Administrator/Liftrix/app/src/main/java/com/example/liftrix/domain/model/analytics/WidgetData.kt:370:14 No value passed for parameter 'description'.
e: file:///C:/Users/Administrator/Liftrix/app/src/main/java/com/example/liftrix/domain/model/analytics/WidgetData.kt:370:14 No value passed for parameter 'iconName'.
e: file:///C:/Users/Administrator/Liftrix/app/src/main/java/com/example/liftrix/domain/model/analytics/WidgetData.kt:370:14 No value passed for parameter 'priority'.
e: file:///C:/Users/Administrator/Liftrix/app/src/main/java/com/example/liftrix/domain/model/analytics/WidgetData.kt:371:19 No value passed for parameter 'description'.
e: file:///C:/Users/Administrator/Liftrix/app/src/main/java/com/example/liftrix/domain/model/analytics/WidgetData.kt:371:19 No value passed for parameter 'iconName'.
e: file:///C:/Users/Administrator/Liftrix/app/src/main/java/com/example/liftrix/domain/model/analytics/WidgetData.kt:371:19 No value passed for parameter 'priority'.
e: file:///C:/Users/Administrator/Liftrix/app/src/main/java/com/example/liftrix/domain/model/analytics/WidgetData.kt:372:20 No value passed for parameter 'description'.
e: file:///C:/Users/Administrator/Liftrix/app/src/main/java/com/example/liftrix/domain/model/analytics/WidgetData.kt:372:20 No value passed for parameter 'iconName'.
e: file:///C:/Users/Administrator/Liftrix/app/src/main/java/com/example/liftrix/domain/model/analytics/WidgetData.kt:372:20 No value passed for parameter 'priority'.
e: file:///C:/Users/Administrator/Liftrix/app/src/main/java/com/example/liftrix/domain/model/help/HelpArticle.kt:106:36 Unresolved reference 'Category'.
e: file:///C:/Users/Administrator/Liftrix/app/src/main/java/com/example/liftrix/domain/model/help/HelpArticle.kt:112:36 Unresolved reference 'Category'.
e: file:///C:/Users/Administrator/Liftrix/app/src/main/java/com/example/liftrix/domain/model/help/HelpArticle.kt:118:36 Unresolved reference 'Category'.
e: file:///C:/Users/Administrator/Liftrix/app/src/main/java/com/example/liftrix/domain/model/help/HelpArticle.kt:124:36 Unresolved reference 'Category'.
e: file:///C:/Users/Administrator/Liftrix/app/src/main/java/com/example/liftrix/domain/model/help/HelpArticle.kt:130:36 Unresolved reference 'Category'.
e: file:///C:/Users/Administrator/Liftrix/app/src/main/java/com/example/liftrix/domain/model/help/HelpArticle.kt:136:36 Unresolved reference 'Category'.
e: file:///C:/Users/Administrator/Liftrix/app/src/main/java/com/example/liftrix/domain/model/help/HelpArticle.kt:142:36 Unresolved reference 'Category'.
e: file:///C:/Users/Administrator/Liftrix/app/src/main/java/com/example/liftrix/domain/model/help/HelpArticle.kt:148:36 Unresolved reference 'Category'.
e: file:///C:/Users/Administrator/Liftrix/app/src/main/java/com/example/liftrix/domain/model/help/HelpArticle.kt:154:36 Unresolved reference 'Category'.
e: file:///C:/Users/Administrator/Liftrix/app/src/main/java/com/example/liftrix/domain/model/help/HelpArticle.kt:160:36 Unresolved reference 'Category'.
e: file:///C:/Users/Administrator/Liftrix/app/src/main/java/com/example/liftrix/service/AnalyticsServiceImpl.kt:1357:52 Unresolved reference 'TREND_ANALYSIS'.
e: file:///C:/Users/Administrator/Liftrix/app/src/main/java/com/example/liftrix/service/AnalyticsServiceImpl.kt:1406:48 Unresolved reference 'GOAL_PROGRESS'.
e: file:///C:/Users/Administrator/Liftrix/app/src/main/java/com/example/liftrix/ui/help/HelpArticleScreen.kt:69:9 'when' expression must be exhaustive. Add the 'Empty', 'is Error', 'Loading', 'is Success', 'Empty', 'is Error', 'Loading', ... branches or an 'else' branch.
e: file:///C:/Users/Administrator/Liftrix/app/src/main/java/com/example/liftrix/ui/help/HelpScreen.kt:795:17 Unresolved reference. None of the following candidates is applicable because of a receiver type mismatch:
val Icons.Filled.Category: ImageVector
e: file:///C:/Users/Administrator/Liftrix/app/src/main/java/com/example/liftrix/ui/help/HelpScreen.kt:795:26 Unresolved reference 'GETTING_STARTED'.
e: file:///C:/Users/Administrator/Liftrix/app/src/main/java/com/example/liftrix/ui/help/HelpScreen.kt:796:17 Unresolved reference. None of the following candidates is applicable because of a receiver type mismatch:
val Icons.Filled.Category: ImageVector
e: file:///C:/Users/Administrator/Liftrix/app/src/main/java/com/example/liftrix/ui/help/HelpScreen.kt:796:26 Unresolved reference 'WORKOUTS'.
e: file:///C:/Users/Administrator/Liftrix/app/src/main/java/com/example/liftrix/ui/help/HelpScreen.kt:797:17 Unresolved reference. None of the following candidates is applicable because of a receiver type mismatch:
val Icons.Filled.Category: ImageVector
e: file:///C:/Users/Administrator/Liftrix/app/src/main/java/com/example/liftrix/ui/help/HelpScreen.kt:797:26 Unresolved reference 'EXERCISES'.
e: file:///C:/Users/Administrator/Liftrix/app/src/main/java/com/example/liftrix/ui/help/HelpScreen.kt:798:17 Unresolved reference. None of the following candidates is applicable because of a receiver type mismatch:
val Icons.Filled.Category: ImageVector
e: file:///C:/Users/Administrator/Liftrix/app/src/main/java/com/example/liftrix/ui/help/HelpScreen.kt:798:26 Unresolved reference 'PROGRESS_TRACKING'.
e: file:///C:/Users/Administrator/Liftrix/app/src/main/java/com/example/liftrix/ui/help/HelpScreen.kt:799:17 Unresolved reference. None of the following candidates is applicable because of a receiver type mismatch:
val Icons.Filled.Category: ImageVector
e: file:///C:/Users/Administrator/Liftrix/app/src/main/java/com/example/liftrix/ui/help/HelpScreen.kt:799:26 Unresolved reference 'SOCIAL_FEATURES'.
e: file:///C:/Users/Administrator/Liftrix/app/src/main/java/com/example/liftrix/ui/help/HelpScreen.kt:800:17 Unresolved reference. None of the following candidates is applicable because of a receiver type mismatch:
val Icons.Filled.Category: ImageVector
e: file:///C:/Users/Administrator/Liftrix/app/src/main/java/com/example/liftrix/ui/help/HelpScreen.kt:800:26 Unresolved reference 'SETTINGS'.
e: file:///C:/Users/Administrator/Liftrix/app/src/main/java/com/example/liftrix/ui/help/HelpScreen.kt:801:17 Unresolved reference. None of the following candidates is applicable because of a receiver type mismatch:
val Icons.Filled.Category: ImageVector
e: file:///C:/Users/Administrator/Liftrix/app/src/main/java/com/example/liftrix/ui/help/HelpScreen.kt:801:26 Unresolved reference 'TROUBLESHOOTING'.
e: file:///C:/Users/Administrator/Liftrix/app/src/main/java/com/example/liftrix/ui/help/HelpScreen.kt:802:17 Unresolved reference. None of the following candidates is applicable because of a receiver type mismatch:
val Icons.Filled.Category: ImageVector
e: file:///C:/Users/Administrator/Liftrix/app/src/main/java/com/example/liftrix/ui/help/HelpScreen.kt:802:26 Unresolved reference 'ACCOUNT'.
e: file:///C:/Users/Administrator/Liftrix/app/src/main/java/com/example/liftrix/ui/help/HelpScreen.kt:803:17 Unresolved reference. None of the following candidates is applicable because of a receiver type mismatch:
val Icons.Filled.Category: ImageVector
e: file:///C:/Users/Administrator/Liftrix/app/src/main/java/com/example/liftrix/ui/help/HelpScreen.kt:803:26 Unresolved reference 'SYNC'.
e: file:///C:/Users/Administrator/Liftrix/app/src/main/java/com/example/liftrix/ui/help/HelpScreen.kt:804:17 Unresolved reference. None of the following candidates is applicable because of a receiver type mismatch:
val Icons.Filled.Category: ImageVector
e: file:///C:/Users/Administrator/Liftrix/app/src/main/java/com/example/liftrix/ui/help/HelpScreen.kt:804:26 Unresolved reference 'PREMIUM_FEATURES'.
e: file:///C:/Users/Administrator/Liftrix/app/src/main/java/com/example/liftrix/ui/help/HelpViewModel.kt:363:40 Unresolved reference 'Category'.
e: file:///C:/Users/Administrator/Liftrix/app/src/main/java/com/example/liftrix/ui/help/HelpViewModel.kt:375:40 Unresolved reference 'Category'.
e: file:///C:/Users/Administrator/Liftrix/app/src/main/java/com/example/liftrix/ui/help/HelpViewModel.kt:386:40 Unresolved reference 'Category'.
e: file:///C:/Users/Administrator/Liftrix/app/src/main/java/com/example/liftrix/ui/settings/data/DataPortabilityViewModel.kt:128:19 Only safe (?.) or non-null asserted (!!.) calls are allowed on a nullable receiver of type 'kotlin.String?'.
e: file:///C:/Users/Administrator/Liftrix/app/src/main/java/com/example/liftrix/ui/settings/data/DataPortabilityViewModel.kt:129:17 No parameter with name 'onSuccess' found.
e: file:///C:/Users/Administrator/Liftrix/app/src/main/java/com/example/liftrix/ui/settings/data/DataPortabilityViewModel.kt:129:31 Cannot infer type for this parameter. Please specify it explicitly.
e: file:///C:/Users/Administrator/Liftrix/app/src/main/java/com/example/liftrix/ui/settings/data/DataPortabilityViewModel.kt:133:17 No parameter with name 'onFailure' found.
e: file:///C:/Users/Administrator/Liftrix/app/src/main/java/com/example/liftrix/ui/settings/data/DataPortabilityViewModel.kt:133:17 No value passed for parameter 'initial'.
e: file:///C:/Users/Administrator/Liftrix/app/src/main/java/com/example/liftrix/ui/settings/data/DataPortabilityViewModel.kt:133:17 No value passed for parameter 'operation'.
e: file:///C:/Users/Administrator/Liftrix/app/src/main/java/com/example/liftrix/ui/settings/data/DataPortabilityViewModel.kt:133:31 Cannot infer type for this parameter. Please specify it explicitly.
e: file:///C:/Users/Administrator/Liftrix/app/src/main/java/com/example/liftrix/ui/settings/data/DataPortabilityViewModel.kt:137:115 Unresolved reference 'message'.
e: file:///C:/Users/Administrator/Liftrix/app/src/main/java/com/example/liftrix/ui/settings/data/DataPortabilityViewModel.kt:138:115 Unresolved reference 'message'.
e: file:///C:/Users/Administrator/Liftrix/app/src/main/java/com/example/liftrix/ui/settings/help/HelpScreen.kt:161:43 Unresolved reference 'data'.
e: file:///C:/Users/Administrator/Liftrix/app/src/main/java/com/example/liftrix/ui/settings/help/HelpScreen.kt:776:17 Unresolved reference. None of the following candidates is applicable because of a receiver type mismatch:
val Icons.Filled.Category: ImageVector
e: file:///C:/Users/Administrator/Liftrix/app/src/main/java/com/example/liftrix/ui/settings/help/HelpScreen.kt:776:26 Unresolved reference 'GETTING_STARTED'.
e: file:///C:/Users/Administrator/Liftrix/app/src/main/java/com/example/liftrix/ui/settings/help/HelpScreen.kt:777:17 Unresolved reference. None of the following candidates is applicable because of a receiver type mismatch:
val Icons.Filled.Category: ImageVector
e: file:///C:/Users/Administrator/Liftrix/app/src/main/java/com/example/liftrix/ui/settings/help/HelpScreen.kt:777:26 Unresolved reference 'WORKOUTS'.
e: file:///C:/Users/Administrator/Liftrix/app/src/main/java/com/example/liftrix/ui/settings/help/HelpScreen.kt:778:17 Unresolved reference. None of the following candidates is applicable because of a receiver type mismatch:
val Icons.Filled.Category: ImageVector
e: file:///C:/Users/Administrator/Liftrix/app/src/main/java/com/example/liftrix/ui/settings/help/HelpScreen.kt:778:26 Unresolved reference 'EXERCISES'.
e: file:///C:/Users/Administrator/Liftrix/app/src/main/java/com/example/liftrix/ui/settings/help/HelpScreen.kt:779:17 Unresolved reference. None of the following candidates is applicable because of a receiver type mismatch:
val Icons.Filled.Category: ImageVector
e: file:///C:/Users/Administrator/Liftrix/app/src/main/java/com/example/liftrix/ui/settings/help/HelpScreen.kt:779:26 Unresolved reference 'PROGRESS_TRACKING'.
e: file:///C:/Users/Administrator/Liftrix/app/src/main/java/com/example/liftrix/ui/settings/help/HelpScreen.kt:780:17 Unresolved reference. None of the following candidates is applicable because of a receiver type mismatch:
val Icons.Filled.Category: ImageVector
e: file:///C:/Users/Administrator/Liftrix/app/src/main/java/com/example/liftrix/ui/settings/help/HelpScreen.kt:780:26 Unresolved reference 'SOCIAL_FEATURES'.
e: file:///C:/Users/Administrator/Liftrix/app/src/main/java/com/example/liftrix/ui/settings/help/HelpScreen.kt:781:17 Unresolved reference. None of the following candidates is applicable because of a receiver type mismatch:
val Icons.Filled.Category: ImageVector
e: file:///C:/Users/Administrator/Liftrix/app/src/main/java/com/example/liftrix/ui/settings/help/HelpScreen.kt:781:26 Unresolved reference 'SETTINGS'.
e: file:///C:/Users/Administrator/Liftrix/app/src/main/java/com/example/liftrix/ui/settings/help/HelpScreen.kt:782:17 Unresolved reference. None of the following candidates is applicable because of a receiver type mismatch:
val Icons.Filled.Category: ImageVector
e: file:///C:/Users/Administrator/Liftrix/app/src/main/java/com/example/liftrix/ui/settings/help/HelpScreen.kt:782:26 Unresolved reference 'TROUBLESHOOTING'.
e: file:///C:/Users/Administrator/Liftrix/app/src/main/java/com/example/liftrix/ui/settings/help/HelpScreen.kt:783:17 Unresolved reference. None of the following candidates is applicable because of a receiver type mismatch:
val Icons.Filled.Category: ImageVector
e: file:///C:/Users/Administrator/Liftrix/app/src/main/java/com/example/liftrix/ui/settings/help/HelpScreen.kt:783:26 Unresolved reference 'ACCOUNT'.
e: file:///C:/Users/Administrator/Liftrix/app/src/main/java/com/example/liftrix/ui/settings/help/HelpScreen.kt:784:17 Unresolved reference. None of the following candidates is applicable because of a receiver type mismatch:
val Icons.Filled.Category: ImageVector
e: file:///C:/Users/Administrator/Liftrix/app/src/main/java/com/example/liftrix/ui/settings/help/HelpScreen.kt:784:26 Unresolved reference 'SYNC'.
e: file:///C:/Users/Administrator/Liftrix/app/src/main/java/com/example/liftrix/ui/settings/help/HelpScreen.kt:785:17 Unresolved reference. None of the following candidates is applicable because of a receiver type mismatch:
val Icons.Filled.Category: ImageVector
e: file:///C:/Users/Administrator/Liftrix/app/src/main/java/com/example/liftrix/ui/settings/help/HelpScreen.kt:785:26 Unresolved reference 'PREMIUM_FEATURES'.
e: file:///C:/Users/Administrator/Liftrix/app/src/main/java/com/example/liftrix/ui/settings/help/HelpViewModel.kt:80:9 Cannot infer type for this parameter. Please specify it explicitly.
e: file:///C:/Users/Administrator/Liftrix/app/src/main/java/com/example/liftrix/ui/settings/help/HelpViewModel.kt:95:17 Argument type mismatch: actual type is 'com.example.liftrix.ui.settings.help.HelpUiState.Data', but 'kotlin.Result<T>' was expected.
e: file:///C:/Users/Administrator/Liftrix/app/src/main/java/com/example/liftrix/ui/settings/help/HelpViewModel.kt:101:27 Cannot infer type for this parameter. Please specify it explicitly.
e: file:///C:/Users/Administrator/Liftrix/app/src/main/java/com/example/liftrix/ui/settings/help/HelpViewModel.kt:102:26 Unresolved reference 'categories'.
e: file:///C:/Users/Administrator/Liftrix/app/src/main/java/com/example/liftrix/ui/settings/help/HelpViewModel.kt:102:55 Unresolved reference 'popularArticles'.
e: file:///C:/Users/Administrator/Liftrix/app/src/main/java/com/example/liftrix/ui/settings/help/HelpViewModel.kt:102:89 Unresolved reference 'featuredArticles'.
e: file:///C:/Users/Administrator/Liftrix/app/src/main/java/com/example/liftrix/ui/settings/help/HelpViewModel.kt:103:35 Argument type mismatch: actual type is 'kotlin.Unit', but 'com.example.liftrix.ui.settings.help.HelpUiState' was expected.
e: file:///C:/Users/Administrator/Liftrix/app/src/main/java/com/example/liftrix/ui/settings/help/HelpViewModel.kt:103:47 Classifier 'data class Empty : HelpUiState' does not have a companion object, so it cannot be used as an expression.
e: file:///C:/Users/Administrator/Liftrix/app/src/main/java/com/example/liftrix/ui/settings/help/HelpViewModel.kt:122:9 Cannot infer type for this parameter. Please specify it explicitly.
e: file:///C:/Users/Administrator/Liftrix/app/src/main/java/com/example/liftrix/ui/settings/help/HelpViewModel.kt:145:17 Argument type mismatch: actual type is 'com.example.liftrix.ui.settings.help.HelpUiState.Data', but 'kotlin.Result<T>' was expected.
e: file:///C:/Users/Administrator/Liftrix/app/src/main/java/com/example/liftrix/ui/settings/help/HelpViewModel.kt:152:27 Cannot infer type for this parameter. Please specify it explicitly.
e: file:///C:/Users/Administrator/Liftrix/app/src/main/java/com/example/liftrix/ui/settings/help/HelpViewModel.kt:204:9 Cannot infer type for this parameter. Please specify it explicitly.
e: file:///C:/Users/Administrator/Liftrix/app/src/main/java/com/example/liftrix/ui/settings/help/HelpViewModel.kt:206:17 Argument type mismatch: actual type is 'it(kotlin.collections.List<T#2 (type parameter of fun <T> emptyList(): List<T>)> & kotlin.collections.List<com.example.liftrix.domain.model.help.HelpArticle>)', but 'kotlin.Result<T#1 (type parameter of fun <T> executeUseCase(useCase: suspend () -> Result<T>, onSuccess: ((T) -> Unit)?, onError: ((LiftrixError) -> Unit)?, showLoading: Boolean): Unit)>' was expected.
e: file:///C:/Users/Administrator/Liftrix/app/src/main/java/com/example/liftrix/ui/settings/help/HelpViewModel.kt:211:27 Cannot infer type for this parameter. Please specify it explicitly.
e: file:///C:/Users/Administrator/Liftrix/app/src/main/java/com/example/liftrix/ui/settings/help/HelpViewModel.kt:219:66 Unresolved reference 'size'.
e: file:///C:/Users/Administrator/Liftrix/app/src/main/java/com/example/liftrix/ui/settings/help/HelpViewModel.kt:265:13 Cannot infer type for this parameter. Please specify it explicitly.
e: file:///C:/Users/Administrator/Liftrix/app/src/main/java/com/example/liftrix/ui/settings/help/HelpViewModel.kt:267:21 Argument type mismatch: actual type is 'kotlin.Unit', but 'kotlin.Result<T>' was expected.
e: file:///C:/Users/Administrator/Liftrix/app/src/main/java/com/example/liftrix/ui/settings/help/HelpViewModel.kt:268:42 Unresolved reference 'Success'.
e: file:///C:/Users/Administrator/Liftrix/app/src/main/java/com/example/liftrix/ui/settings/help/HelpViewModel.kt:268:60 Unresolved reference 'data'.
e: file:///C:/Users/Administrator/Liftrix/app/src/main/java/com/example/liftrix/ui/settings/help/HelpViewModel.kt:269:42 Unresolved reference 'Error'.
e: file:///C:/Users/Administrator/Liftrix/app/src/main/java/com/example/liftrix/ui/settings/help/HelpViewModel.kt:269:51 Cannot infer type for this parameter. Please specify it explicitly.
e: file:///C:/Users/Administrator/Liftrix/app/src/main/java/com/example/liftrix/ui/settings/help/HelpViewModel.kt:272:31 Cannot infer type for this parameter. Please specify it explicitly.
e: file:///C:/Users/Administrator/Liftrix/app/src/main/java/com/example/liftrix/ui/settings/help/HelpViewModel.kt:308:9 Cannot infer type for this parameter. Please specify it explicitly.
e: file:///C:/Users/Administrator/Liftrix/app/src/main/java/com/example/liftrix/ui/settings/help/HelpViewModel.kt:310:17 Argument type mismatch: actual type is 'kotlin.Nothing', but 'kotlin.Result<T>' was expected.
e: file:///C:/Users/Administrator/Liftrix/app/src/main/java/com/example/liftrix/ui/settings/help/HelpViewModel.kt:315:25 Cannot infer type for this parameter. Please specify it explicitly.
e: file:///C:/Users/Administrator/Liftrix/app/src/main/java/com/example/liftrix/ui/settings/legal/LegalDocumentViewModel.kt:64:9 Cannot infer type for this parameter. Please specify it explicitly.
e: file:///C:/Users/Administrator/Liftrix/app/src/main/java/com/example/liftrix/ui/settings/legal/LegalDocumentViewModel.kt:66:32 'when' expression must be exhaustive. Add an 'else' branch.
e: file:///C:/Users/Administrator/Liftrix/app/src/main/java/com/example/liftrix/ui/settings/legal/LegalDocumentViewModel.kt:67:38 Unresolved reference 'Success'.
e: file:///C:/Users/Administrator/Liftrix/app/src/main/java/com/example/liftrix/ui/settings/legal/LegalDocumentViewModel.kt:67:56 Unresolved reference 'data'.
e: file:///C:/Users/Administrator/Liftrix/app/src/main/java/com/example/liftrix/ui/settings/legal/LegalDocumentViewModel.kt:68:38 Unresolved reference 'Error'.
e: file:///C:/Users/Administrator/Liftrix/app/src/main/java/com/example/liftrix/ui/settings/legal/LegalDocumentViewModel.kt:68:53 Type mismatch: inferred type is 'ERROR CLASS: Unresolved name: error', but 'kotlin.Throwable' was expected.
e: file:///C:/Users/Administrator/Liftrix/app/src/main/java/com/example/liftrix/ui/settings/legal/LegalDocumentViewModel.kt:68:60 Unresolved reference 'error'.
e: file:///C:/Users/Administrator/Liftrix/app/src/main/java/com/example/liftrix/ui/settings/legal/LegalDocumentViewModel.kt:72:17 Argument type mismatch: actual type is 'com.example.liftrix.ui.settings.legal.LegalDocumentUiState.Data', but 'kotlin.Result<T>' was expected.
e: file:///C:/Users/Administrator/Liftrix/app/src/main/java/com/example/liftrix/ui/settings/legal/LegalDocumentViewModel.kt:73:46 Unresolved reference 'content'.
e: file:///C:/Users/Administrator/Liftrix/app/src/main/java/com/example/liftrix/ui/settings/legal/LegalDocumentViewModel.kt:74:57 Unresolved reference 'lastModified'.
e: file:///C:/Users/Administrator/Liftrix/app/src/main/java/com/example/liftrix/ui/settings/legal/LegalDocumentViewModel.kt:77:27 Cannot infer type for this parameter. Please specify it explicitly.
e: file:///C:/Users/Administrator/Liftrix/app/src/main/java/com/example/liftrix/ui/settings/legal/LegalDocumentViewModel.kt:78:26 Unresolved reference 'hasPrivacyPolicy'.
e: file:///C:/Users/Administrator/Liftrix/app/src/main/java/com/example/liftrix/ui/settings/legal/LegalDocumentViewModel.kt:81:35 Argument type mismatch: actual type is 'kotlin.Unit', but 'com.example.liftrix.ui.settings.legal.LegalDocumentUiState' was expected.
e: file:///C:/Users/Administrator/Liftrix/app/src/main/java/com/example/liftrix/ui/settings/legal/LegalDocumentViewModel.kt:81:56 Classifier 'data class Empty : LegalDocumentUiState' does not have a companion object, so it cannot be used as an expression.
e: file:///C:/Users/Administrator/Liftrix/app/src/main/java/com/example/liftrix/ui/settings/legal/LegalDocumentViewModel.kt:96:9 Cannot infer type for this parameter. Please specify it explicitly.
e: file:///C:/Users/Administrator/Liftrix/app/src/main/java/com/example/liftrix/ui/settings/legal/LegalDocumentViewModel.kt:98:32 'when' expression must be exhaustive. Add an 'else' branch.
e: file:///C:/Users/Administrator/Liftrix/app/src/main/java/com/example/liftrix/ui/settings/legal/LegalDocumentViewModel.kt:99:38 Unresolved reference 'Success'.
e: file:///C:/Users/Administrator/Liftrix/app/src/main/java/com/example/liftrix/ui/settings/legal/LegalDocumentViewModel.kt:99:56 Unresolved reference 'data'.
e: file:///C:/Users/Administrator/Liftrix/app/src/main/java/com/example/liftrix/ui/settings/legal/LegalDocumentViewModel.kt:100:38 Unresolved reference 'Error'.
e: file:///C:/Users/Administrator/Liftrix/app/src/main/java/com/example/liftrix/ui/settings/legal/LegalDocumentViewModel.kt:100:53 Type mismatch: inferred type is 'ERROR CLASS: Unresolved name: error', but 'kotlin.Throwable' was expected.
e: file:///C:/Users/Administrator/Liftrix/app/src/main/java/com/example/liftrix/ui/settings/legal/LegalDocumentViewModel.kt:100:60 Unresolved reference 'error'.
e: file:///C:/Users/Administrator/Liftrix/app/src/main/java/com/example/liftrix/ui/settings/legal/LegalDocumentViewModel.kt:104:17 Argument type mismatch: actual type is 'com.example.liftrix.ui.settings.legal.LegalDocumentUiState.Data', but 'kotlin.Result<T>' was expected.
e: file:///C:/Users/Administrator/Liftrix/app/src/main/java/com/example/liftrix/ui/settings/legal/LegalDocumentViewModel.kt:105:47 Unresolved reference 'content'.
e: file:///C:/Users/Administrator/Liftrix/app/src/main/java/com/example/liftrix/ui/settings/legal/LegalDocumentViewModel.kt:106:58 Unresolved reference 'lastModified'.
e: file:///C:/Users/Administrator/Liftrix/app/src/main/java/com/example/liftrix/ui/settings/legal/LegalDocumentViewModel.kt:109:27 Cannot infer type for this parameter. Please specify it explicitly.
e: file:///C:/Users/Administrator/Liftrix/app/src/main/java/com/example/liftrix/ui/settings/legal/LegalDocumentViewModel.kt:110:26 Unresolved reference 'hasTermsOfService'.
e: file:///C:/Users/Administrator/Liftrix/app/src/main/java/com/example/liftrix/ui/settings/legal/LegalDocumentViewModel.kt:113:35 Argument type mismatch: actual type is 'kotlin.Unit', but 'com.example.liftrix.ui.settings.legal.LegalDocumentUiState' was expected.
e: file:///C:/Users/Administrator/Liftrix/app/src/main/java/com/example/liftrix/ui/settings/legal/LegalDocumentViewModel.kt:113:56 Classifier 'data class Empty : LegalDocumentUiState' does not have a companion object, so it cannot be used as an expression.
e: file:///C:/Users/Administrator/Liftrix/app/src/main/java/com/example/liftrix/ui/settings/legal/LegalDocumentViewModel.kt:128:9 Cannot infer type for this parameter. Please specify it explicitly.
e: file:///C:/Users/Administrator/Liftrix/app/src/main/java/com/example/liftrix/ui/settings/legal/LegalDocumentViewModel.kt:131:39 'when' expression must be exhaustive. Add an 'else' branch.
e: file:///C:/Users/Administrator/Liftrix/app/src/main/java/com/example/liftrix/ui/settings/legal/LegalDocumentViewModel.kt:132:38 Unresolved reference 'Success'.
e: file:///C:/Users/Administrator/Liftrix/app/src/main/java/com/example/liftrix/ui/settings/legal/LegalDocumentViewModel.kt:132:56 Unresolved reference 'data'.
e: file:///C:/Users/Administrator/Liftrix/app/src/main/java/com/example/liftrix/ui/settings/legal/LegalDocumentViewModel.kt:133:38 Unresolved reference 'Error'.
e: file:///C:/Users/Administrator/Liftrix/app/src/main/java/com/example/liftrix/ui/settings/legal/LegalDocumentViewModel.kt:135:37 'when' expression must be exhaustive. Add an 'else' branch.
e: file:///C:/Users/Administrator/Liftrix/app/src/main/java/com/example/liftrix/ui/settings/legal/LegalDocumentViewModel.kt:136:38 Unresolved reference 'Success'.
e: file:///C:/Users/Administrator/Liftrix/app/src/main/java/com/example/liftrix/ui/settings/legal/LegalDocumentViewModel.kt:136:56 Unresolved reference 'data'.
e: file:///C:/Users/Administrator/Liftrix/app/src/main/java/com/example/liftrix/ui/settings/legal/LegalDocumentViewModel.kt:137:38 Unresolved reference 'Error'.
e: file:///C:/Users/Administrator/Liftrix/app/src/main/java/com/example/liftrix/ui/settings/legal/LegalDocumentViewModel.kt:140:17 Argument type mismatch: actual type is 'com.example.liftrix.ui.settings.legal.LegalDocumentUiState.Data', but 'kotlin.Result<T>' was expected.
e: file:///C:/Users/Administrator/Liftrix/app/src/main/java/com/example/liftrix/ui/settings/legal/LegalDocumentViewModel.kt:141:54 Unresolved reference 'content'.
e: file:///C:/Users/Administrator/Liftrix/app/src/main/java/com/example/liftrix/ui/settings/legal/LegalDocumentViewModel.kt:142:53 Unresolved reference 'content'.
e: file:///C:/Users/Administrator/Liftrix/app/src/main/java/com/example/liftrix/ui/settings/legal/LegalDocumentViewModel.kt:143:65 Unresolved reference 'lastModified'.
e: file:///C:/Users/Administrator/Liftrix/app/src/main/java/com/example/liftrix/ui/settings/legal/LegalDocumentViewModel.kt:144:64 Unresolved reference 'lastModified'.
e: file:///C:/Users/Administrator/Liftrix/app/src/main/java/com/example/liftrix/ui/settings/legal/LegalDocumentViewModel.kt:147:27 Cannot infer type for this parameter. Please specify it explicitly.
e: file:///C:/Users/Administrator/Liftrix/app/src/main/java/com/example/liftrix/ui/settings/legal/LegalDocumentViewModel.kt:148:26 Unresolved reference 'hasAnyDocument'.
e: file:///C:/Users/Administrator/Liftrix/app/src/main/java/com/example/liftrix/ui/settings/legal/LegalDocumentViewModel.kt:151:35 Argument type mismatch: actual type is 'kotlin.Unit', but 'com.example.liftrix.ui.settings.legal.LegalDocumentUiState' was expected.
e: file:///C:/Users/Administrator/Liftrix/app/src/main/java/com/example/liftrix/ui/settings/legal/LegalDocumentViewModel.kt:151:56 Classifier 'data class Empty : LegalDocumentUiState' does not have a companion object, so it cannot be used as an expression.
e: file:///C:/Users/Administrator/Liftrix/app/src/main/java/com/example/liftrix/ui/settings/legal/LegalDocumentViewModel.kt:169:9 Cannot infer type for this parameter. Please specify it explicitly.
e: file:///C:/Users/Administrator/Liftrix/app/src/main/java/com/example/liftrix/ui/settings/legal/LegalDocumentViewModel.kt:173:38 Unresolved reference 'Error'.
e: file:///C:/Users/Administrator/Liftrix/app/src/main/java/com/example/liftrix/ui/settings/legal/LegalDocumentViewModel.kt:173:53 Type mismatch: inferred type is 'ERROR CLASS: Unresolved name: error', but 'kotlin.Throwable' was expected.
e: file:///C:/Users/Administrator/Liftrix/app/src/main/java/com/example/liftrix/ui/settings/legal/LegalDocumentViewModel.kt:173:67 Unresolved reference 'error'.
e: file:///C:/Users/Administrator/Liftrix/app/src/main/java/com/example/liftrix/ui/settings/legal/LegalDocumentViewModel.kt:174:38 Unresolved reference 'Success'.
e: file:///C:/Users/Administrator/Liftrix/app/src/main/java/com/example/liftrix/ui/settings/legal/LegalDocumentViewModel.kt:178:39 'when' expression must be exhaustive. Add an 'else' branch.
e: file:///C:/Users/Administrator/Liftrix/app/src/main/java/com/example/liftrix/ui/settings/legal/LegalDocumentViewModel.kt:179:38 Unresolved reference 'Success'.
e: file:///C:/Users/Administrator/Liftrix/app/src/main/java/com/example/liftrix/ui/settings/legal/LegalDocumentViewModel.kt:179:56 Unresolved reference 'data'.
e: file:///C:/Users/Administrator/Liftrix/app/src/main/java/com/example/liftrix/ui/settings/legal/LegalDocumentViewModel.kt:180:38 Unresolved reference 'Error'.
e: file:///C:/Users/Administrator/Liftrix/app/src/main/java/com/example/liftrix/ui/settings/legal/LegalDocumentViewModel.kt:182:37 'when' expression must be exhaustive. Add an 'else' branch.
e: file:///C:/Users/Administrator/Liftrix/app/src/main/java/com/example/liftrix/ui/settings/legal/LegalDocumentViewModel.kt:183:38 Unresolved reference 'Success'.
e: file:///C:/Users/Administrator/Liftrix/app/src/main/java/com/example/liftrix/ui/settings/legal/LegalDocumentViewModel.kt:183:56 Unresolved reference 'data'.
e: file:///C:/Users/Administrator/Liftrix/app/src/main/java/com/example/liftrix/ui/settings/legal/LegalDocumentViewModel.kt:184:38 Unresolved reference 'Error'.
e: file:///C:/Users/Administrator/Liftrix/app/src/main/java/com/example/liftrix/ui/settings/legal/LegalDocumentViewModel.kt:187:17 Argument type mismatch: actual type is 'com.example.liftrix.ui.settings.legal.LegalDocumentUiState.Data', but 'kotlin.Result<T>' was expected.
e: file:///C:/Users/Administrator/Liftrix/app/src/main/java/com/example/liftrix/ui/settings/legal/LegalDocumentViewModel.kt:188:54 Unresolved reference 'content'.
e: file:///C:/Users/Administrator/Liftrix/app/src/main/java/com/example/liftrix/ui/settings/legal/LegalDocumentViewModel.kt:189:53 Unresolved reference 'content'.
e: file:///C:/Users/Administrator/Liftrix/app/src/main/java/com/example/liftrix/ui/settings/legal/LegalDocumentViewModel.kt:190:65 Unresolved reference 'lastModified'.
e: file:///C:/Users/Administrator/Liftrix/app/src/main/java/com/example/liftrix/ui/settings/legal/LegalDocumentViewModel.kt:191:64 Unresolved reference 'lastModified'.
e: file:///C:/Users/Administrator/Liftrix/app/src/main/java/com/example/liftrix/ui/settings/legal/LegalDocumentViewModel.kt:195:27 Cannot infer type for this parameter. Please specify it explicitly.
e: file:///C:/Users/Administrator/Liftrix/app/src/main/java/com/example/liftrix/ui/settings/legal/LegalDocumentViewModel.kt:218:9 Cannot infer type for this parameter. Please specify it explicitly.
e: file:///C:/Users/Administrator/Liftrix/app/src/main/java/com/example/liftrix/ui/settings/legal/LegalDocumentViewModel.kt:222:40 'when' expression must be exhaustive. Add an 'else' branch.
e: file:///C:/Users/Administrator/Liftrix/app/src/main/java/com/example/liftrix/ui/settings/legal/LegalDocumentViewModel.kt:223:46 Unresolved reference 'Success'.
e: file:///C:/Users/Administrator/Liftrix/app/src/main/java/com/example/liftrix/ui/settings/legal/LegalDocumentViewModel.kt:223:64 Unresolved reference 'data'.
e: file:///C:/Users/Administrator/Liftrix/app/src/main/java/com/example/liftrix/ui/settings/legal/LegalDocumentViewModel.kt:224:46 Unresolved reference 'Error'.
e: file:///C:/Users/Administrator/Liftrix/app/src/main/java/com/example/liftrix/ui/settings/legal/LegalDocumentViewModel.kt:224:61 Type mismatch: inferred type is 'ERROR CLASS: Unresolved name: error', but 'kotlin.Throwable' was expected.
e: file:///C:/Users/Administrator/Liftrix/app/src/main/java/com/example/liftrix/ui/settings/legal/LegalDocumentViewModel.kt:224:68 Unresolved reference 'error'.
e: file:///C:/Users/Administrator/Liftrix/app/src/main/java/com/example/liftrix/ui/settings/legal/LegalDocumentViewModel.kt:230:40 'when' expression must be exhaustive. Add an 'else' branch.
e: file:///C:/Users/Administrator/Liftrix/app/src/main/java/com/example/liftrix/ui/settings/legal/LegalDocumentViewModel.kt:231:46 Unresolved reference 'Success'.
e: file:///C:/Users/Administrator/Liftrix/app/src/main/java/com/example/liftrix/ui/settings/legal/LegalDocumentViewModel.kt:231:64 Unresolved reference 'data'.
e: file:///C:/Users/Administrator/Liftrix/app/src/main/java/com/example/liftrix/ui/settings/legal/LegalDocumentViewModel.kt:232:46 Unresolved reference 'Error'.
e: file:///C:/Users/Administrator/Liftrix/app/src/main/java/com/example/liftrix/ui/settings/legal/LegalDocumentViewModel.kt:232:61 Type mismatch: inferred type is 'ERROR CLASS: Unresolved name: error', but 'kotlin.Throwable' was expected.
e: file:///C:/Users/Administrator/Liftrix/app/src/main/java/com/example/liftrix/ui/settings/legal/LegalDocumentViewModel.kt:232:68 Unresolved reference 'error'.
e: file:///C:/Users/Administrator/Liftrix/app/src/main/java/com/example/liftrix/ui/settings/legal/LegalDocumentViewModel.kt:244:17 Argument type mismatch: actual type is 'com.example.liftrix.ui.settings.legal.LegalDocumentUiState.Data', but 'kotlin.Result<T>' was expected.
e: file:///C:/Users/Administrator/Liftrix/app/src/main/java/com/example/liftrix/ui/settings/legal/LegalDocumentViewModel.kt:249:27 Cannot infer type for this parameter. Please specify it explicitly.
e: file:///C:/Users/Administrator/Liftrix/app/src/main/java/com/example/liftrix/ui/settings/legal/LegalDocumentViewModel.kt:274:9 Cannot infer type for this parameter. Please specify it explicitly.
e: file:///C:/Users/Administrator/Liftrix/app/src/main/java/com/example/liftrix/ui/settings/legal/LegalDocumentViewModel.kt:291:17 Argument type mismatch: actual type is 'kotlin.collections.MutableList<com.example.liftrix.ui.settings.legal.SearchResult>', but 'kotlin.Result<T>' was expected.
e: file:///C:/Users/Administrator/Liftrix/app/src/main/java/com/example/liftrix/ui/settings/legal/LegalDocumentViewModel.kt:293:27 Cannot infer type for this parameter. Please specify it explicitly.
e: file:///C:/Users/Administrator/Liftrix/app/src/main/java/com/example/liftrix/ui/settings/legal/LegalDocumentViewModel.kt:295:64 Unresolved reference 'size'.
e: file:///C:/Users/Administrator/Liftrix/app/src/main/java/com/example/liftrix/ui/settings/legal/LegalDocumentViewModel.kt:316:9 Cannot infer type for this parameter. Please specify it explicitly.
e: file:///C:/Users/Administrator/Liftrix/app/src/main/java/com/example/liftrix/ui/settings/legal/LegalDocumentViewModel.kt:318:17 Argument type mismatch: actual type is 'kotlin.Unit', but 'kotlin.Result<T>' was expected.
e: file:///C:/Users/Administrator/Liftrix/app/src/main/java/com/example/liftrix/ui/settings/legal/LegalDocumentViewModel.kt:320:40 'when' expression must be exhaustive. Add an 'else' branch.
e: file:///C:/Users/Administrator/Liftrix/app/src/main/java/com/example/liftrix/ui/settings/legal/LegalDocumentViewModel.kt:321:46 Unresolved reference 'Success'.
e: file:///C:/Users/Administrator/Liftrix/app/src/main/java/com/example/liftrix/ui/settings/legal/LegalDocumentViewModel.kt:321:64 Unresolved reference 'data'.
e: file:///C:/Users/Administrator/Liftrix/app/src/main/java/com/example/liftrix/ui/settings/legal/LegalDocumentViewModel.kt:322:46 Unresolved reference 'Error'.
e: file:///C:/Users/Administrator/Liftrix/app/src/main/java/com/example/liftrix/ui/settings/legal/LegalDocumentViewModel.kt:322:61 Type mismatch: inferred type is 'ERROR CLASS: Unresolved name: error', but 'kotlin.Throwable' was expected.
e: file:///C:/Users/Administrator/Liftrix/app/src/main/java/com/example/liftrix/ui/settings/legal/LegalDocumentViewModel.kt:322:68 Unresolved reference 'error'.
e: file:///C:/Users/Administrator/Liftrix/app/src/main/java/com/example/liftrix/ui/settings/legal/LegalDocumentViewModel.kt:327:48 Unresolved reference 'version'.
e: file:///C:/Users/Administrator/Liftrix/app/src/main/java/com/example/liftrix/ui/settings/legal/LegalDocumentViewModel.kt:329:46 Unresolved reference 'Error'.
e: file:///C:/Users/Administrator/Liftrix/app/src/main/java/com/example/liftrix/ui/settings/legal/LegalDocumentViewModel.kt:329:61 Type mismatch: inferred type is 'ERROR CLASS: Unresolved name: error', but 'kotlin.Throwable' was expected.
e: file:///C:/Users/Administrator/Liftrix/app/src/main/java/com/example/liftrix/ui/settings/legal/LegalDocumentViewModel.kt:329:68 Unresolved reference 'error'.
e: file:///C:/Users/Administrator/Liftrix/app/src/main/java/com/example/liftrix/ui/settings/legal/LegalDocumentViewModel.kt:330:46 Unresolved reference 'Success'.
e: file:///C:/Users/Administrator/Liftrix/app/src/main/java/com/example/liftrix/ui/settings/legal/LegalDocumentViewModel.kt:334:40 'when' expression must be exhaustive. Add an 'else' branch.
e: file:///C:/Users/Administrator/Liftrix/app/src/main/java/com/example/liftrix/ui/settings/legal/LegalDocumentViewModel.kt:335:46 Unresolved reference 'Success'.
e: file:///C:/Users/Administrator/Liftrix/app/src/main/java/com/example/liftrix/ui/settings/legal/LegalDocumentViewModel.kt:335:64 Unresolved reference 'data'.
e: file:///C:/Users/Administrator/Liftrix/app/src/main/java/com/example/liftrix/ui/settings/legal/LegalDocumentViewModel.kt:336:46 Unresolved reference 'Error'.
e: file:///C:/Users/Administrator/Liftrix/app/src/main/java/com/example/liftrix/ui/settings/legal/LegalDocumentViewModel.kt:336:61 Type mismatch: inferred type is 'ERROR CLASS: Unresolved name: error', but 'kotlin.Throwable' was expected.
e: file:///C:/Users/Administrator/Liftrix/app/src/main/java/com/example/liftrix/ui/settings/legal/LegalDocumentViewModel.kt:336:68 Unresolved reference 'error'.
e: file:///C:/Users/Administrator/Liftrix/app/src/main/java/com/example/liftrix/ui/settings/legal/LegalDocumentViewModel.kt:341:48 Unresolved reference 'version'.
e: file:///C:/Users/Administrator/Liftrix/app/src/main/java/com/example/liftrix/ui/settings/legal/LegalDocumentViewModel.kt:343:46 Unresolved reference 'Error'.
e: file:///C:/Users/Administrator/Liftrix/app/src/main/java/com/example/liftrix/ui/settings/legal/LegalDocumentViewModel.kt:343:61 Type mismatch: inferred type is 'ERROR CLASS: Unresolved name: error', but 'kotlin.Throwable' was expected.
e: file:///C:/Users/Administrator/Liftrix/app/src/main/java/com/example/liftrix/ui/settings/legal/LegalDocumentViewModel.kt:343:68 Unresolved reference 'error'.
e: file:///C:/Users/Administrator/Liftrix/app/src/main/java/com/example/liftrix/ui/settings/legal/LegalDocumentViewModel.kt:344:46 Unresolved reference 'Success'.
e: file:///C:/Users/Administrator/Liftrix/app/src/main/java/com/example/liftrix/ui/settings/legal/LegalDocumentViewModel.kt:354:25 Cannot infer type for this parameter. Please specify it explicitly.
e: file:///C:/Users/Administrator/Liftrix/app/src/main/java/com/example/liftrix/ui/settings/legal/LegalDocumentViewModel.kt:371:34 Unresolved reference 'data'.
e: file:///C:/Users/Administrator/Liftrix/app/src/main/java/com/example/liftrix/ui/settings/legal/LegalDocumentViewModel.kt:432:59 Unresolved reference 'data'.
e: file:///C:/Users/Administrator/Liftrix/app/src/main/java/com/example/liftrix/ui/settings/support/ContactSupportScreen.kt:200:43 Unresolved reference 'data'.
e: file:///C:/Users/Administrator/Liftrix/app/src/main/java/com/example/liftrix/ui/settings/support/SupportViewModel.kt:72:9 Cannot infer type for this parameter. Please specify it explicitly.
e: file:///C:/Users/Administrator/Liftrix/app/src/main/java/com/example/liftrix/ui/settings/support/SupportViewModel.kt:75:30 'when' expression must be exhaustive. Add an 'else' branch.
e: file:///C:/Users/Administrator/Liftrix/app/src/main/java/com/example/liftrix/ui/settings/support/SupportViewModel.kt:76:38 Unresolved reference 'Success'.
e: file:///C:/Users/Administrator/Liftrix/app/src/main/java/com/example/liftrix/ui/settings/support/SupportViewModel.kt:76:56 Unresolved reference 'data'.
e: file:///C:/Users/Administrator/Liftrix/app/src/main/java/com/example/liftrix/ui/settings/support/SupportViewModel.kt:77:38 Unresolved reference 'Error'.
e: file:///C:/Users/Administrator/Liftrix/app/src/main/java/com/example/liftrix/ui/settings/support/SupportViewModel.kt:84:35 'when' expression must be exhaustive. Add an 'else' branch.
e: file:///C:/Users/Administrator/Liftrix/app/src/main/java/com/example/liftrix/ui/settings/support/SupportViewModel.kt:85:38 Unresolved reference 'Success'.
e: file:///C:/Users/Administrator/Liftrix/app/src/main/java/com/example/liftrix/ui/settings/support/SupportViewModel.kt:85:56 Unresolved reference 'data'.
e: file:///C:/Users/Administrator/Liftrix/app/src/main/java/com/example/liftrix/ui/settings/support/SupportViewModel.kt:86:38 Unresolved reference 'Error'.
e: file:///C:/Users/Administrator/Liftrix/app/src/main/java/com/example/liftrix/ui/settings/support/SupportViewModel.kt:86:47 Cannot infer type for this parameter. Please specify it explicitly.
e: file:///C:/Users/Administrator/Liftrix/app/src/main/java/com/example/liftrix/ui/settings/support/SupportViewModel.kt:89:17 Argument type mismatch: actual type is 'com.example.liftrix.ui.settings.support.SupportUiState.Data', but 'kotlin.Result<T>' was expected.
e: file:///C:/Users/Administrator/Liftrix/app/src/main/java/com/example/liftrix/ui/settings/support/SupportViewModel.kt:95:27 Cannot infer type for this parameter. Please specify it explicitly.
e: file:///C:/Users/Administrator/Liftrix/app/src/main/java/com/example/liftrix/ui/settings/support/SupportViewModel.kt:96:26 Unresolved reference 'userTickets'.
e: file:///C:/Users/Administrator/Liftrix/app/src/main/java/com/example/liftrix/ui/settings/support/SupportViewModel.kt:96:56 Unresolved reference 'deviceInfo'.
e: file:///C:/Users/Administrator/Liftrix/app/src/main/java/com/example/liftrix/ui/settings/support/SupportViewModel.kt:97:35 Argument type mismatch: actual type is 'kotlin.Unit', but 'com.example.liftrix.ui.settings.support.SupportUiState' was expected.
e: file:///C:/Users/Administrator/Liftrix/app/src/main/java/com/example/liftrix/ui/settings/support/SupportViewModel.kt:97:50 Classifier 'data class Empty : SupportUiState' does not have a companion object, so it cannot be used as an expression.
e: file:///C:/Users/Administrator/Liftrix/app/src/main/java/com/example/liftrix/ui/settings/support/SupportViewModel.kt:101:58 Unresolved reference 'userTickets'.
e: file:///C:/Users/Administrator/Liftrix/app/src/main/java/com/example/liftrix/ui/settings/support/SupportViewModel.kt:117:9 Cannot infer type for this parameter. Please specify it explicitly.
e: file:///C:/Users/Administrator/Liftrix/app/src/main/java/com/example/liftrix/ui/settings/support/SupportViewModel.kt:121:38 Unresolved reference 'Error'.
e: file:///C:/Users/Administrator/Liftrix/app/src/main/java/com/example/liftrix/ui/settings/support/SupportViewModel.kt:121:53 Type mismatch: inferred type is 'ERROR CLASS: Unresolved name: error', but 'kotlin.Throwable' was expected.
e: file:///C:/Users/Administrator/Liftrix/app/src/main/java/com/example/liftrix/ui/settings/support/SupportViewModel.kt:121:64 Unresolved reference 'error'.
e: file:///C:/Users/Administrator/Liftrix/app/src/main/java/com/example/liftrix/ui/settings/support/SupportViewModel.kt:122:38 Unresolved reference 'Success'.
e: file:///C:/Users/Administrator/Liftrix/app/src/main/java/com/example/liftrix/ui/settings/support/SupportViewModel.kt:126:38 'when' expression must be exhaustive. Add an 'else' branch.
e: file:///C:/Users/Administrator/Liftrix/app/src/main/java/com/example/liftrix/ui/settings/support/SupportViewModel.kt:127:38 Unresolved reference 'Success'.
e: file:///C:/Users/Administrator/Liftrix/app/src/main/java/com/example/liftrix/ui/settings/support/SupportViewModel.kt:127:56 Unresolved reference 'data'.
e: file:///C:/Users/Administrator/Liftrix/app/src/main/java/com/example/liftrix/ui/settings/support/SupportViewModel.kt:128:38 Unresolved reference 'Error'.
e: file:///C:/Users/Administrator/Liftrix/app/src/main/java/com/example/liftrix/ui/settings/support/SupportViewModel.kt:128:47 Cannot infer type for this parameter. Please specify it explicitly.
e: file:///C:/Users/Administrator/Liftrix/app/src/main/java/com/example/liftrix/ui/settings/support/SupportViewModel.kt:131:17 Argument type mismatch: actual type is 'com.example.liftrix.ui.settings.support.SupportUiState.Data', but 'kotlin.Result<T>' was expected.
e: file:///C:/Users/Administrator/Liftrix/app/src/main/java/com/example/liftrix/ui/settings/support/SupportViewModel.kt:136:27 Cannot infer type for this parameter. Please specify it explicitly.
e: file:///C:/Users/Administrator/Liftrix/app/src/main/java/com/example/liftrix/ui/settings/support/SupportViewModel.kt:138:61 Unresolved reference 'userTickets'.
e: file:///C:/Users/Administrator/Liftrix/app/src/main/java/com/example/liftrix/ui/settings/support/SupportViewModel.kt:270:9 Cannot infer type for this parameter. Please specify it explicitly.
e: file:///C:/Users/Administrator/Liftrix/app/src/main/java/com/example/liftrix/ui/settings/support/SupportViewModel.kt:280:32 'when' expression must be exhaustive. Add an 'else' branch.
e: file:///C:/Users/Administrator/Liftrix/app/src/main/java/com/example/liftrix/ui/settings/support/SupportViewModel.kt:281:38 Unresolved reference 'Success'.
e: file:///C:/Users/Administrator/Liftrix/app/src/main/java/com/example/liftrix/ui/settings/support/SupportViewModel.kt:281:56 Unresolved reference 'data'.
e: file:///C:/Users/Administrator/Liftrix/app/src/main/java/com/example/liftrix/ui/settings/support/SupportViewModel.kt:282:38 Unresolved reference 'Error'.
e: file:///C:/Users/Administrator/Liftrix/app/src/main/java/com/example/liftrix/ui/settings/support/SupportViewModel.kt:282:53 Type mismatch: inferred type is 'ERROR CLASS: Unresolved name: error', but 'kotlin.Throwable' was expected.
e: file:///C:/Users/Administrator/Liftrix/app/src/main/java/com/example/liftrix/ui/settings/support/SupportViewModel.kt:282:60 Unresolved reference 'error'.
e: file:///C:/Users/Administrator/Liftrix/app/src/main/java/com/example/liftrix/ui/settings/support/SupportViewModel.kt:286:17 Argument type mismatch: actual type is 'com.example.liftrix.ui.settings.support.SupportUiState.Data', but 'kotlin.Result<T>' was expected.
e: file:///C:/Users/Administrator/Liftrix/app/src/main/java/com/example/liftrix/ui/settings/support/SupportViewModel.kt:292:27 Cannot infer type for this parameter. Please specify it explicitly.
e: file:///C:/Users/Administrator/Liftrix/app/src/main/java/com/example/liftrix/ui/settings/support/SupportViewModel.kt:295:37 Unresolved reference 'lastCreatedTicketId'.
e: file:///C:/Users/Administrator/Liftrix/app/src/main/java/com/example/liftrix/ui/settings/support/SupportViewModel.kt:372:34 Unresolved reference 'data'.
e: file:///C:/Users/Administrator/Liftrix/app/src/main/java/com/example/liftrix/ui/settings/support/SupportViewModel.kt:377:38 Unresolved reference 'data'.
e: file:///C:/Users/Administrator/Liftrix/app/src/main/java/com/example/liftrix/ui/settings/support/SupportViewModel.kt:398:53 Unresolved reference 'data'.
e: file:///C:/Users/Administrator/Liftrix/app/src/main/java/com/example/liftrix/ui/support/ContactSupportScreen.kt:39:39 Unresolved reference 'SupportUiState'.
e: file:///C:/Users/Administrator/Liftrix/app/src/main/java/com/example/liftrix/ui/support/ContactSupportScreen.kt:40:39 Unresolved reference 'TicketForm'.
e: file:///C:/Users/Administrator/Liftrix/app/src/main/java/com/example/liftrix/ui/support/ContactSupportScreen.kt:87:13 'when' expression must be exhaustive. Add the 'is CopyTicketId', 'NavigateBack', 'is NavigateToTicket', 'ShowClearFormConfirmation', 'is ShowError', 'ShowFilePicker', 'is ShowTicketCreated' branches or an 'else' branch.
e: file:///C:/Users/Administrator/Liftrix/app/src/main/java/com/example/liftrix/ui/support/ContactSupportScreen.kt:151:9 'when' expression must be exhaustive. Add the 'is Empty', 'is Error', 'Loading', 'is Success' branches or an 'else' branch.
e: file:///C:/Users/Administrator/Liftrix/app/src/main/java/com/example/liftrix/ui/support/ContactSupportScreen.kt:152:16 Unresolved reference 'SupportUiState'.
e: file:///C:/Users/Administrator/Liftrix/app/src/main/java/com/example/liftrix/ui/support/ContactSupportScreen.kt:160:16 Unresolved reference 'SupportUiState'.
e: file:///C:/Users/Administrator/Liftrix/app/src/main/java/com/example/liftrix/ui/support/ContactSupportScreen.kt:162:36 Unresolved reference 'data'.
e: file:///C:/Users/Administrator/Liftrix/app/src/main/java/com/example/liftrix/ui/support/ContactSupportScreen.kt:196:16 Unresolved reference 'SupportUiState'.
e: file:///C:/Users/Administrator/Liftrix/app/src/main/java/com/example/liftrix/ui/support/ContactSupportScreen.kt:198:37 Unresolved reference 'error'.
e: file:///C:/Users/Administrator/Liftrix/app/src/main/java/com/example/liftrix/ui/support/ContactSupportScreen.kt:199:36 Unresolved reference 'data'.
e: file:///C:/Users/Administrator/Liftrix/app/src/main/java/com/example/liftrix/ui/support/ContactSupportScreen.kt:209:16 Unresolved reference 'SupportUiState'.
e: file:///C:/Users/Administrator/Liftrix/app/src/main/java/com/example/liftrix/ui/support/ContactSupportScreen.kt:249:11 Unresolved reference 'SupportUiState'.
e: file:///C:/Users/Administrator/Liftrix/app/src/main/java/com/example/liftrix/ui/support/ContactSupportScreen.kt:261:29 Unresolved reference 'isRefreshing'.
e: file:///C:/Users/Administrator/Liftrix/app/src/main/java/com/example/liftrix/ui/support/ContactSupportScreen.kt:273:22 Unresolved reference 'lastCreatedTicketId'.
e: file:///C:/Users/Administrator/Liftrix/app/src/main/java/com/example/liftrix/ui/support/ContactSupportScreen.kt:276:41 Unresolved reference 'lastCreatedTicketId'.
e: file:///C:/Users/Administrator/Liftrix/app/src/main/java/com/example/liftrix/ui/support/ContactSupportScreen.kt:283:22 Unresolved reference 'hasActiveTickets'.
e: file:///C:/Users/Administrator/Liftrix/app/src/main/java/com/example/liftrix/ui/support/ContactSupportScreen.kt:286:44 Unresolved reference 'activeTicketCount'.
e: file:///C:/Users/Administrator/Liftrix/app/src/main/java/com/example/liftrix/ui/support/ContactSupportScreen.kt:295:33 Unresolved reference 'ticketForm'.
e: file:///C:/Users/Administrator/Liftrix/app/src/main/java/com/example/liftrix/ui/support/ContactSupportScreen.kt:296:45 Unresolved reference 'validationErrors'.
e: file:///C:/Users/Administrator/Liftrix/app/src/main/java/com/example/liftrix/ui/support/ContactSupportScreen.kt:297:39 Unresolved reference 'deviceInfo'.
e: file:///C:/Users/Administrator/Liftrix/app/src/main/java/com/example/liftrix/ui/support/ContactSupportScreen.kt:298:41 Unresolved reference 'isSubmitting'.
e: file:///C:/Users/Administrator/Liftrix/app/src/main/java/com/example/liftrix/ui/support/ContactSupportScreen.kt:305:40 Unresolved reference 'isFormValid'.
e: file:///C:/Users/Administrator/Liftrix/app/src/main/java/com/example/liftrix/ui/support/ContactSupportScreen.kt:310:22 Unresolved reference 'userTickets'.
e: file:///C:/Users/Administrator/Liftrix/app/src/main/java/com/example/liftrix/ui/support/ContactSupportScreen.kt:320:28 Unresolved reference 'userTickets'.
e: file:///C:/Users/Administrator/Liftrix/app/src/main/java/com/example/liftrix/ui/support/ContactSupportScreen.kt:322:34 Argument type mismatch: actual type is 'kotlin.Int', but 'com.example.liftrix.domain.model.support.SupportTicket' was expected.
e: file:///C:/Users/Administrator/Liftrix/app/src/main/java/com/example/liftrix/ui/support/ContactSupportScreen.kt:323:60 Unresolved reference 'id'.
e: file:///C:/Users/Administrator/Liftrix/app/src/main/java/com/example/liftrix/ui/support/ContactSupportScreen.kt:456:11 Unresolved reference 'TicketForm'.
e: file:///C:/Users/Administrator/Liftrix/app/src/main/java/com/example/liftrix/ui/support/ContactSupportScreen.kt:482:36 Argument type mismatch: actual type is 'kotlin.text.CharCategory', but 'com.example.liftrix.domain.model.support.SupportCategory' was expected.
e: file:///C:/Users/Administrator/Liftrix/app/src/main/java/com/example/liftrix/ui/support/ContactSupportScreen.kt:489:32 Unresolved reference 'subject'.
e: file:///C:/Users/Administrator/Liftrix/app/src/main/java/com/example/liftrix/ui/support/ContactSupportScreen.kt:492:43 Unresolved reference 'isSubjectApproachingLimit'.
e: file:///C:/Users/Administrator/Liftrix/app/src/main/java/com/example/liftrix/ui/support/ContactSupportScreen.kt:493:39 Unresolved reference 'getSubjectCharacterCount'.
e: file:///C:/Users/Administrator/Liftrix/app/src/main/java/com/example/liftrix/ui/support/ContactSupportScreen.kt:498:36 Unresolved reference 'description'.
e: file:///C:/Users/Administrator/Liftrix/app/src/main/java/com/example/liftrix/ui/support/ContactSupportScreen.kt:501:43 Unresolved reference 'isDescriptionApproachingLimit'.
e: file:///C:/Users/Administrator/Liftrix/app/src/main/java/com/example/liftrix/ui/support/ContactSupportScreen.kt:502:39 Unresolved reference 'getDescriptionCharacterCount'.
e: file:///C:/Users/Administrator/Liftrix/app/src/main/java/com/example/liftrix/ui/support/ContactSupportScreen.kt:507:36 Unresolved reference 'attachments'.
e: file:///C:/Users/Administrator/Liftrix/app/src/main/java/com/example/liftrix/ui/support/ContactSupportScreen.kt:979:11 Unresolved reference 'SupportUiState'.
e: file:///C:/Users/Administrator/Liftrix/app/src/main/java/com/example/liftrix/ui/support/SupportTicketScreen.kt:41:44 Unresolved reference 'LoadTicketDetails'.
e: file:///C:/Users/Administrator/Liftrix/app/src/main/java/com/example/liftrix/ui/support/SupportTicketScreen.kt:57:9 'when' expression must be exhaustive. Add the 'is Empty', 'is Error', 'Loading', 'is Success' branches or an 'else' branch.
e: file:///C:/Users/Administrator/Liftrix/app/src/main/java/com/example/liftrix/ui/support/SupportTicketScreen.kt:58:16 Unresolved reference 'SupportUiState'.
e: file:///C:/Users/Administrator/Liftrix/app/src/main/java/com/example/liftrix/ui/support/SupportTicketScreen.kt:67:16 Unresolved reference 'SupportUiState'.
e: file:///C:/Users/Administrator/Liftrix/app/src/main/java/com/example/liftrix/ui/support/SupportTicketScreen.kt:84:45 Unresolved reference 'error'.
e: file:///C:/Users/Administrator/Liftrix/app/src/main/java/com/example/liftrix/ui/support/SupportTicketScreen.kt:93:64 Unresolved reference 'LoadTicketDetails'.
e: file:///C:/Users/Administrator/Liftrix/app/src/main/java/com/example/liftrix/ui/support/SupportTicketScreen.kt:101:16 Unresolved reference 'SupportUiState'.
e: file:///C:/Users/Administrator/Liftrix/app/src/main/java/com/example/liftrix/ui/support/SupportTicketScreen.kt:102:43 Unresolved reference 'data'.
e: file:///C:/Users/Administrator/Liftrix/app/src/main/java/com/example/liftrix/ui/support/SupportTicketScreen.kt:123:66 Unresolved reference 'id'.
e: file:///C:/Users/Administrator/Liftrix/app/src/main/java/com/example/liftrix/ui/support/SupportTicketScreen.kt:128:71 Unresolved reference 'status'.
e: file:///C:/Users/Administrator/Liftrix/app/src/main/java/com/example/liftrix/ui/support/SupportTicketScreen.kt:134:51 Unresolved reference 'subject'.
e: file:///C:/Users/Administrator/Liftrix/app/src/main/java/com/example/liftrix/ui/support/SupportTicketScreen.kt:141:64 Unresolved reference 'category'.
e: file:///C:/Users/Administrator/Liftrix/app/src/main/java/com/example/liftrix/ui/support/SupportTicketScreen.kt:147:63 Unresolved reference 'createdAt'.
e: file:///C:/Users/Administrator/Liftrix/app/src/main/java/com/example/liftrix/ui/support/SupportTicketScreen.kt:164:54 Unresolved reference 'description'.
e: file:///C:/Users/Administrator/Liftrix/app/src/main/java/com/example/liftrix/ui/support/SupportTicketScreen.kt:166:56 Unresolved reference 'createdAt'.
e: file:///C:/Users/Administrator/Liftrix/app/src/main/java/com/example/liftrix/ui/support/SupportTicketScreen.kt:167:58 Unresolved reference 'attachments'.
e: file:///C:/Users/Administrator/Liftrix/app/src/main/java/com/example/liftrix/ui/support/SupportTicketScreen.kt:171:42 Unresolved reference 'messages'.
e: file:///C:/Users/Administrator/Liftrix/app/src/main/java/com/example/liftrix/ui/support/SupportTicketScreen.kt:173:55 Unresolved reference 'content'.
e: file:///C:/Users/Administrator/Liftrix/app/src/main/java/com/example/liftrix/ui/support/SupportTicketScreen.kt:174:61 Unresolved reference 'isFromSupport'.
e: file:///C:/Users/Administrator/Liftrix/app/src/main/java/com/example/liftrix/ui/support/SupportTicketScreen.kt:175:57 Unresolved reference 'timestamp'.
e: file:///C:/Users/Administrator/Liftrix/app/src/main/java/com/example/liftrix/ui/support/SupportTicketScreen.kt:176:59 Unresolved reference 'attachments'.
e: file:///C:/Users/Administrator/Liftrix/app/src/main/java/com/example/liftrix/ui/support/SupportTicketScreen.kt:182:36 Unresolved reference 'status'.
e: file:///C:/Users/Administrator/Liftrix/app/src/main/java/com/example/liftrix/ui/support/SupportTicketScreen.kt:182:87 Unresolved reference 'SupportTicketStatus'.
e: file:///C:/Users/Administrator/Liftrix/app/src/main/java/com/example/liftrix/ui/support/SupportTicketScreen.kt:183:36 Unresolved reference 'status'.
e: file:///C:/Users/Administrator/Liftrix/app/src/main/java/com/example/liftrix/ui/support/SupportTicketScreen.kt:183:87 Unresolved reference 'SupportTicketStatus'.
e: file:///C:/Users/Administrator/Liftrix/app/src/main/java/com/example/liftrix/ui/support/SupportTicketScreen.kt:212:70 Unresolved reference 'AddReply'.
e: file:///C:/Users/Administrator/Liftrix/app/src/main/java/com/example/liftrix/ui/support/SupportTicketScreen.kt:263:16 Unresolved reference 'SupportUiState'.
e: file:///C:/Users/Administrator/Liftrix/app/src/main/java/com/example/liftrix/ui/support/SupportTicketScreen.kt:289:54 Unresolved reference 'SupportTicketStatus'.
e: file:///C:/Users/Administrator/Liftrix/app/src/main/java/com/example/liftrix/ui/support/SupportTicketScreen.kt:291:49 'when' expression must be exhaustive. Add an 'else' branch.
e: file:///C:/Users/Administrator/Liftrix/app/src/main/java/com/example/liftrix/ui/support/SupportTicketScreen.kt:292:50 Unresolved reference 'SupportTicketStatus'.
e: file:///C:/Users/Administrator/Liftrix/app/src/main/java/com/example/liftrix/ui/support/SupportTicketScreen.kt:297:50 Unresolved reference 'SupportTicketStatus'.
e: file:///C:/Users/Administrator/Liftrix/app/src/main/java/com/example/liftrix/ui/support/SupportTicketScreen.kt:302:50 Unresolved reference 'SupportTicketStatus'.
e: file:///C:/Users/Administrator/Liftrix/app/src/main/java/com/example/liftrix/ui/support/SupportTicketScreen.kt:307:50 Unresolved reference 'SupportTicketStatus'.
e: file:///C:/Users/Administrator/Liftrix/app/src/main/java/com/example/liftrix/ui/support/SupportTicketScreen.kt:364:38 Unresolved reference 'format'.
e: file:///C:/Users/Administrator/Liftrix/app/src/main/java/com/example/liftrix/ui/support/SupportViewModel.kt:79:42 Only safe (?.) or non-null asserted (!!.) calls are allowed on a nullable receiver of type 'kotlin.String?'.
e: file:///C:/Users/Administrator/Liftrix/app/src/main/java/com/example/liftrix/ui/support/SupportViewModel.kt:79:43 No value passed for parameter 'index'.
e: file:///C:/Users/Administrator/Liftrix/app/src/main/java/com/example/liftrix/ui/support/SupportViewModel.kt:90:54 Argument type mismatch: actual type is 'kotlin.Char', but 'kotlin.String' was expected.
e: file:///C:/Users/Administrator/Liftrix/app/src/main/java/com/example/liftrix/ui/support/SupportViewModel.kt:96:35 Argument type mismatch: actual type is 'kotlin.Unit', but 'com.example.liftrix.ui.settings.support.SupportUiState' was expected.
e: file:///C:/Users/Administrator/Liftrix/app/src/main/java/com/example/liftrix/ui/support/SupportViewModel.kt:96:50 Classifier 'data class Empty : SupportUiState' does not have a companion object, so it cannot be used as an expression.
e: file:///C:/Users/Administrator/Liftrix/app/src/main/java/com/example/liftrix/ui/support/SupportViewModel.kt:354:34 Unresolved reference 'data'.
e: file:///C:/Users/Administrator/Liftrix/app/src/main/java/com/example/liftrix/ui/support/SupportViewModel.kt:359:38 Unresolved reference 'data'.
e: file:///C:/Users/Administrator/Liftrix/app/src/main/java/com/example/liftrix/ui/support/SupportViewModel.kt:380:53 Unresolved reference 'data'.

> Task :app:compileDebugKotlin FAILED

FAILURE: Build failed with an exception.

* What went wrong:
Execution failed for task ':app:compileDebugKotlin'.
> A failure occurred while executing org.jetbrains.kotlin.compilerRunner.GradleCompilerRunnerWithWorkers$GradleKotlinCompilerWorkAction
   > Compilation error. See log for more details

* Try:
> Run with --stacktrace option to get the stack trace.
> Run with --info or --debug option to get more log output.
> Run with --scan to get full insights.
> Get more help at https://help.gradle.org.

BUILD FAILED in 2m 23s
17 actionable tasks: 2 executed, 15 up-to-date
Configuration cache entry reused.
